

Started GET "/" for 127.0.0.1 at 2015-08-11 17:48:58 -0700

Mysql2::Error (Can't connect to local MySQL server through socket '/tmp/mysql.sock' (2)):
  mysql2 (0.3.18) lib/mysql2/client.rb:70:in `connect'
  mysql2 (0.3.18) lib/mysql2/client.rb:70:in `initialize'
  activerecord (4.2.3) lib/active_record/connection_adapters/mysql2_adapter.rb:18:in `new'
  activerecord (4.2.3) lib/active_record/connection_adapters/mysql2_adapter.rb:18:in `mysql2_connection'
  activerecord (4.2.3) lib/active_record/connection_adapters/abstract/connection_pool.rb:438:in `new_connection'
  activerecord (4.2.3) lib/active_record/connection_adapters/abstract/connection_pool.rb:448:in `checkout_new_connection'
  activerecord (4.2.3) lib/active_record/connection_adapters/abstract/connection_pool.rb:422:in `acquire_connection'
  activerecord (4.2.3) lib/active_record/connection_adapters/abstract/connection_pool.rb:349:in `block in checkout'
  /System/Library/Frameworks/Ruby.framework/Versions/2.0/usr/lib/ruby/2.0.0/monitor.rb:211:in `mon_synchronize'
  activerecord (4.2.3) lib/active_record/connection_adapters/abstract/connection_pool.rb:348:in `checkout'
  activerecord (4.2.3) lib/active_record/connection_adapters/abstract/connection_pool.rb:263:in `block in connection'
  /System/Library/Frameworks/Ruby.framework/Versions/2.0/usr/lib/ruby/2.0.0/monitor.rb:211:in `mon_synchronize'
  activerecord (4.2.3) lib/active_record/connection_adapters/abstract/connection_pool.rb:262:in `connection'
  activerecord (4.2.3) lib/active_record/connection_adapters/abstract/connection_pool.rb:571:in `retrieve_connection'
  activerecord (4.2.3) lib/active_record/connection_handling.rb:113:in `retrieve_connection'
  activerecord (4.2.3) lib/active_record/connection_handling.rb:87:in `connection'
  activerecord (4.2.3) lib/active_record/migration.rb:383:in `connection'
  activerecord (4.2.3) lib/active_record/migration.rb:370:in `call'
  actionpack (4.2.3) lib/action_dispatch/middleware/callbacks.rb:29:in `block in call'
  activesupport (4.2.3) lib/active_support/callbacks.rb:84:in `run_callbacks'
  actionpack (4.2.3) lib/action_dispatch/middleware/callbacks.rb:27:in `call'
  actionpack (4.2.3) lib/action_dispatch/middleware/reloader.rb:73:in `call'
  actionpack (4.2.3) lib/action_dispatch/middleware/remote_ip.rb:78:in `call'
  actionpack (4.2.3) lib/action_dispatch/middleware/debug_exceptions.rb:17:in `call'
  web-console (2.2.1) lib/web_console/middleware.rb:39:in `call'
  actionpack (4.2.3) lib/action_dispatch/middleware/show_exceptions.rb:30:in `call'
  railties (4.2.3) lib/rails/rack/logger.rb:38:in `call_app'
  railties (4.2.3) lib/rails/rack/logger.rb:20:in `block in call'
  activesupport (4.2.3) lib/active_support/tagged_logging.rb:68:in `block in tagged'
  activesupport (4.2.3) lib/active_support/tagged_logging.rb:26:in `tagged'
  activesupport (4.2.3) lib/active_support/tagged_logging.rb:68:in `tagged'
  railties (4.2.3) lib/rails/rack/logger.rb:20:in `call'
  actionpack (4.2.3) lib/action_dispatch/middleware/request_id.rb:21:in `call'
  rack (1.6.4) lib/rack/methodoverride.rb:22:in `call'
  rack (1.6.4) lib/rack/runtime.rb:18:in `call'
  activesupport (4.2.3) lib/active_support/cache/strategy/local_cache_middleware.rb:28:in `call'
  rack (1.6.4) lib/rack/lock.rb:17:in `call'
  actionpack (4.2.3) lib/action_dispatch/middleware/static.rb:116:in `call'
  rack (1.6.4) lib/rack/sendfile.rb:113:in `call'
  railties (4.2.3) lib/rails/engine.rb:518:in `call'
  railties (4.2.3) lib/rails/application.rb:165:in `call'
  rack (1.6.4) lib/rack/lock.rb:17:in `call'
  rack (1.6.4) lib/rack/content_length.rb:15:in `call'
  rack (1.6.4) lib/rack/handler/webrick.rb:88:in `service'
  /System/Library/Frameworks/Ruby.framework/Versions/2.0/usr/lib/ruby/2.0.0/webrick/httpserver.rb:138:in `service'
  /System/Library/Frameworks/Ruby.framework/Versions/2.0/usr/lib/ruby/2.0.0/webrick/httpserver.rb:94:in `run'
  /System/Library/Frameworks/Ruby.framework/Versions/2.0/usr/lib/ruby/2.0.0/webrick/server.rb:295:in `block in start_thread'


  Rendered /Library/Ruby/Gems/2.0.0/gems/actionpack-4.2.3/lib/action_dispatch/middleware/templates/rescues/_source.erb (2.3ms)
  Rendered /Library/Ruby/Gems/2.0.0/gems/actionpack-4.2.3/lib/action_dispatch/middleware/templates/rescues/_trace.html.erb (1.2ms)
  Rendered /Library/Ruby/Gems/2.0.0/gems/actionpack-4.2.3/lib/action_dispatch/middleware/templates/rescues/_request_and_response.html.erb (0.7ms)
  Rendered /Library/Ruby/Gems/2.0.0/gems/actionpack-4.2.3/lib/action_dispatch/middleware/templates/rescues/diagnostics.html.erb within rescues/layout (18.9ms)
  Rendered /Library/Ruby/Gems/2.0.0/gems/web-console-2.2.1/lib/web_console/templates/_markup.html.erb (0.4ms)
  Rendered /Library/Ruby/Gems/2.0.0/gems/web-console-2.2.1/lib/web_console/templates/_inner_console_markup.html.erb within layouts/inlined_string (0.3ms)
  Rendered /Library/Ruby/Gems/2.0.0/gems/web-console-2.2.1/lib/web_console/templates/_prompt_box_markup.html.erb within layouts/inlined_string (0.3ms)
  Rendered /Library/Ruby/Gems/2.0.0/gems/web-console-2.2.1/lib/web_console/templates/style.css.erb within layouts/inlined_string (0.4ms)
  Rendered /Library/Ruby/Gems/2.0.0/gems/web-console-2.2.1/lib/web_console/templates/console.js.erb within layouts/javascript (47.1ms)
  Rendered /Library/Ruby/Gems/2.0.0/gems/web-console-2.2.1/lib/web_console/templates/main.js.erb within layouts/javascript (0.2ms)
  Rendered /Library/Ruby/Gems/2.0.0/gems/web-console-2.2.1/lib/web_console/templates/error_page.js.erb within layouts/javascript (0.4ms)
  Rendered /Library/Ruby/Gems/2.0.0/gems/web-console-2.2.1/lib/web_console/templates/index.html.erb (69.8ms)


Started GET "/" for 127.0.0.1 at 2015-08-11 17:49:14 -0700

Mysql2::Error (Access denied for user 'root'@'localhost' (using password: YES)):
  mysql2 (0.3.18) lib/mysql2/client.rb:70:in `connect'
  mysql2 (0.3.18) lib/mysql2/client.rb:70:in `initialize'
  activerecord (4.2.3) lib/active_record/connection_adapters/mysql2_adapter.rb:18:in `new'
  activerecord (4.2.3) lib/active_record/connection_adapters/mysql2_adapter.rb:18:in `mysql2_connection'
  activerecord (4.2.3) lib/active_record/connection_adapters/abstract/connection_pool.rb:438:in `new_connection'
  activerecord (4.2.3) lib/active_record/connection_adapters/abstract/connection_pool.rb:448:in `checkout_new_connection'
  activerecord (4.2.3) lib/active_record/connection_adapters/abstract/connection_pool.rb:422:in `acquire_connection'
  activerecord (4.2.3) lib/active_record/connection_adapters/abstract/connection_pool.rb:349:in `block in checkout'
  /System/Library/Frameworks/Ruby.framework/Versions/2.0/usr/lib/ruby/2.0.0/monitor.rb:211:in `mon_synchronize'
  activerecord (4.2.3) lib/active_record/connection_adapters/abstract/connection_pool.rb:348:in `checkout'
  activerecord (4.2.3) lib/active_record/connection_adapters/abstract/connection_pool.rb:263:in `block in connection'
  /System/Library/Frameworks/Ruby.framework/Versions/2.0/usr/lib/ruby/2.0.0/monitor.rb:211:in `mon_synchronize'
  activerecord (4.2.3) lib/active_record/connection_adapters/abstract/connection_pool.rb:262:in `connection'
  activerecord (4.2.3) lib/active_record/connection_adapters/abstract/connection_pool.rb:571:in `retrieve_connection'
  activerecord (4.2.3) lib/active_record/connection_handling.rb:113:in `retrieve_connection'
  activerecord (4.2.3) lib/active_record/connection_handling.rb:87:in `connection'
  activerecord (4.2.3) lib/active_record/migration.rb:383:in `connection'
  activerecord (4.2.3) lib/active_record/migration.rb:370:in `call'
  actionpack (4.2.3) lib/action_dispatch/middleware/callbacks.rb:29:in `block in call'
  activesupport (4.2.3) lib/active_support/callbacks.rb:84:in `run_callbacks'
  actionpack (4.2.3) lib/action_dispatch/middleware/callbacks.rb:27:in `call'
  actionpack (4.2.3) lib/action_dispatch/middleware/reloader.rb:73:in `call'
  actionpack (4.2.3) lib/action_dispatch/middleware/remote_ip.rb:78:in `call'
  actionpack (4.2.3) lib/action_dispatch/middleware/debug_exceptions.rb:17:in `call'
  web-console (2.2.1) lib/web_console/middleware.rb:39:in `call'
  actionpack (4.2.3) lib/action_dispatch/middleware/show_exceptions.rb:30:in `call'
  railties (4.2.3) lib/rails/rack/logger.rb:38:in `call_app'
  railties (4.2.3) lib/rails/rack/logger.rb:20:in `block in call'
  activesupport (4.2.3) lib/active_support/tagged_logging.rb:68:in `block in tagged'
  activesupport (4.2.3) lib/active_support/tagged_logging.rb:26:in `tagged'
  activesupport (4.2.3) lib/active_support/tagged_logging.rb:68:in `tagged'
  railties (4.2.3) lib/rails/rack/logger.rb:20:in `call'
  actionpack (4.2.3) lib/action_dispatch/middleware/request_id.rb:21:in `call'
  rack (1.6.4) lib/rack/methodoverride.rb:22:in `call'
  rack (1.6.4) lib/rack/runtime.rb:18:in `call'
  activesupport (4.2.3) lib/active_support/cache/strategy/local_cache_middleware.rb:28:in `call'
  rack (1.6.4) lib/rack/lock.rb:17:in `call'
  actionpack (4.2.3) lib/action_dispatch/middleware/static.rb:116:in `call'
  rack (1.6.4) lib/rack/sendfile.rb:113:in `call'
  railties (4.2.3) lib/rails/engine.rb:518:in `call'
  railties (4.2.3) lib/rails/application.rb:165:in `call'
  rack (1.6.4) lib/rack/lock.rb:17:in `call'
  rack (1.6.4) lib/rack/content_length.rb:15:in `call'
  rack (1.6.4) lib/rack/handler/webrick.rb:88:in `service'
  /System/Library/Frameworks/Ruby.framework/Versions/2.0/usr/lib/ruby/2.0.0/webrick/httpserver.rb:138:in `service'
  /System/Library/Frameworks/Ruby.framework/Versions/2.0/usr/lib/ruby/2.0.0/webrick/httpserver.rb:94:in `run'
  /System/Library/Frameworks/Ruby.framework/Versions/2.0/usr/lib/ruby/2.0.0/webrick/server.rb:295:in `block in start_thread'


  Rendered /Library/Ruby/Gems/2.0.0/gems/actionpack-4.2.3/lib/action_dispatch/middleware/templates/rescues/_source.erb (2.4ms)
  Rendered /Library/Ruby/Gems/2.0.0/gems/actionpack-4.2.3/lib/action_dispatch/middleware/templates/rescues/_trace.html.erb (1.4ms)
  Rendered /Library/Ruby/Gems/2.0.0/gems/actionpack-4.2.3/lib/action_dispatch/middleware/templates/rescues/_request_and_response.html.erb (0.8ms)
  Rendered /Library/Ruby/Gems/2.0.0/gems/actionpack-4.2.3/lib/action_dispatch/middleware/templates/rescues/diagnostics.html.erb within rescues/layout (15.2ms)
  Rendered /Library/Ruby/Gems/2.0.0/gems/web-console-2.2.1/lib/web_console/templates/_markup.html.erb (0.4ms)
  Rendered /Library/Ruby/Gems/2.0.0/gems/web-console-2.2.1/lib/web_console/templates/_inner_console_markup.html.erb within layouts/inlined_string (0.3ms)
  Rendered /Library/Ruby/Gems/2.0.0/gems/web-console-2.2.1/lib/web_console/templates/_prompt_box_markup.html.erb within layouts/inlined_string (0.2ms)
  Rendered /Library/Ruby/Gems/2.0.0/gems/web-console-2.2.1/lib/web_console/templates/style.css.erb within layouts/inlined_string (0.2ms)
  Rendered /Library/Ruby/Gems/2.0.0/gems/web-console-2.2.1/lib/web_console/templates/console.js.erb within layouts/javascript (11.9ms)
  Rendered /Library/Ruby/Gems/2.0.0/gems/web-console-2.2.1/lib/web_console/templates/main.js.erb within layouts/javascript (0.2ms)
  Rendered /Library/Ruby/Gems/2.0.0/gems/web-console-2.2.1/lib/web_console/templates/error_page.js.erb within layouts/javascript (0.3ms)
  Rendered /Library/Ruby/Gems/2.0.0/gems/web-console-2.2.1/lib/web_console/templates/index.html.erb (25.1ms)


Started GET "/" for 127.0.0.1 at 2015-08-11 17:49:17 -0700

Mysql2::Error (Access denied for user 'root'@'localhost' (using password: YES)):
  mysql2 (0.3.18) lib/mysql2/client.rb:70:in `connect'
  mysql2 (0.3.18) lib/mysql2/client.rb:70:in `initialize'
  activerecord (4.2.3) lib/active_record/connection_adapters/mysql2_adapter.rb:18:in `new'
  activerecord (4.2.3) lib/active_record/connection_adapters/mysql2_adapter.rb:18:in `mysql2_connection'
  activerecord (4.2.3) lib/active_record/connection_adapters/abstract/connection_pool.rb:438:in `new_connection'
  activerecord (4.2.3) lib/active_record/connection_adapters/abstract/connection_pool.rb:448:in `checkout_new_connection'
  activerecord (4.2.3) lib/active_record/connection_adapters/abstract/connection_pool.rb:422:in `acquire_connection'
  activerecord (4.2.3) lib/active_record/connection_adapters/abstract/connection_pool.rb:349:in `block in checkout'
  /System/Library/Frameworks/Ruby.framework/Versions/2.0/usr/lib/ruby/2.0.0/monitor.rb:211:in `mon_synchronize'
  activerecord (4.2.3) lib/active_record/connection_adapters/abstract/connection_pool.rb:348:in `checkout'
  activerecord (4.2.3) lib/active_record/connection_adapters/abstract/connection_pool.rb:263:in `block in connection'
  /System/Library/Frameworks/Ruby.framework/Versions/2.0/usr/lib/ruby/2.0.0/monitor.rb:211:in `mon_synchronize'
  activerecord (4.2.3) lib/active_record/connection_adapters/abstract/connection_pool.rb:262:in `connection'
  activerecord (4.2.3) lib/active_record/connection_adapters/abstract/connection_pool.rb:571:in `retrieve_connection'
  activerecord (4.2.3) lib/active_record/connection_handling.rb:113:in `retrieve_connection'
  activerecord (4.2.3) lib/active_record/connection_handling.rb:87:in `connection'
  activerecord (4.2.3) lib/active_record/migration.rb:383:in `connection'
  activerecord (4.2.3) lib/active_record/migration.rb:370:in `call'
  actionpack (4.2.3) lib/action_dispatch/middleware/callbacks.rb:29:in `block in call'
  activesupport (4.2.3) lib/active_support/callbacks.rb:84:in `run_callbacks'
  actionpack (4.2.3) lib/action_dispatch/middleware/callbacks.rb:27:in `call'
  actionpack (4.2.3) lib/action_dispatch/middleware/reloader.rb:73:in `call'
  actionpack (4.2.3) lib/action_dispatch/middleware/remote_ip.rb:78:in `call'
  actionpack (4.2.3) lib/action_dispatch/middleware/debug_exceptions.rb:17:in `call'
  web-console (2.2.1) lib/web_console/middleware.rb:39:in `call'
  actionpack (4.2.3) lib/action_dispatch/middleware/show_exceptions.rb:30:in `call'
  railties (4.2.3) lib/rails/rack/logger.rb:38:in `call_app'
  railties (4.2.3) lib/rails/rack/logger.rb:20:in `block in call'
  activesupport (4.2.3) lib/active_support/tagged_logging.rb:68:in `block in tagged'
  activesupport (4.2.3) lib/active_support/tagged_logging.rb:26:in `tagged'
  activesupport (4.2.3) lib/active_support/tagged_logging.rb:68:in `tagged'
  railties (4.2.3) lib/rails/rack/logger.rb:20:in `call'
  actionpack (4.2.3) lib/action_dispatch/middleware/request_id.rb:21:in `call'
  rack (1.6.4) lib/rack/methodoverride.rb:22:in `call'
  rack (1.6.4) lib/rack/runtime.rb:18:in `call'
  activesupport (4.2.3) lib/active_support/cache/strategy/local_cache_middleware.rb:28:in `call'
  rack (1.6.4) lib/rack/lock.rb:17:in `call'
  actionpack (4.2.3) lib/action_dispatch/middleware/static.rb:116:in `call'
  rack (1.6.4) lib/rack/sendfile.rb:113:in `call'
  railties (4.2.3) lib/rails/engine.rb:518:in `call'
  railties (4.2.3) lib/rails/application.rb:165:in `call'
  rack (1.6.4) lib/rack/lock.rb:17:in `call'
  rack (1.6.4) lib/rack/content_length.rb:15:in `call'
  rack (1.6.4) lib/rack/handler/webrick.rb:88:in `service'
  /System/Library/Frameworks/Ruby.framework/Versions/2.0/usr/lib/ruby/2.0.0/webrick/httpserver.rb:138:in `service'
  /System/Library/Frameworks/Ruby.framework/Versions/2.0/usr/lib/ruby/2.0.0/webrick/httpserver.rb:94:in `run'
  /System/Library/Frameworks/Ruby.framework/Versions/2.0/usr/lib/ruby/2.0.0/webrick/server.rb:295:in `block in start_thread'


  Rendered /Library/Ruby/Gems/2.0.0/gems/actionpack-4.2.3/lib/action_dispatch/middleware/templates/rescues/_source.erb (2.2ms)
  Rendered /Library/Ruby/Gems/2.0.0/gems/actionpack-4.2.3/lib/action_dispatch/middleware/templates/rescues/_trace.html.erb (1.2ms)
  Rendered /Library/Ruby/Gems/2.0.0/gems/actionpack-4.2.3/lib/action_dispatch/middleware/templates/rescues/_request_and_response.html.erb (0.7ms)
  Rendered /Library/Ruby/Gems/2.0.0/gems/actionpack-4.2.3/lib/action_dispatch/middleware/templates/rescues/diagnostics.html.erb within rescues/layout (13.0ms)
  Rendered /Library/Ruby/Gems/2.0.0/gems/web-console-2.2.1/lib/web_console/templates/_markup.html.erb (0.3ms)
  Rendered /Library/Ruby/Gems/2.0.0/gems/web-console-2.2.1/lib/web_console/templates/_inner_console_markup.html.erb within layouts/inlined_string (0.2ms)
  Rendered /Library/Ruby/Gems/2.0.0/gems/web-console-2.2.1/lib/web_console/templates/_prompt_box_markup.html.erb within layouts/inlined_string (0.2ms)
  Rendered /Library/Ruby/Gems/2.0.0/gems/web-console-2.2.1/lib/web_console/templates/style.css.erb within layouts/inlined_string (0.2ms)
  Rendered /Library/Ruby/Gems/2.0.0/gems/web-console-2.2.1/lib/web_console/templates/console.js.erb within layouts/javascript (44.2ms)
  Rendered /Library/Ruby/Gems/2.0.0/gems/web-console-2.2.1/lib/web_console/templates/main.js.erb within layouts/javascript (0.2ms)
  Rendered /Library/Ruby/Gems/2.0.0/gems/web-console-2.2.1/lib/web_console/templates/error_page.js.erb within layouts/javascript (0.4ms)
  Rendered /Library/Ruby/Gems/2.0.0/gems/web-console-2.2.1/lib/web_console/templates/index.html.erb (56.7ms)


Started GET "/" for 127.0.0.1 at 2015-08-11 17:49:38 -0700

Mysql2::Error (Access denied for user 'root'@'localhost' (using password: YES)):
  mysql2 (0.3.18) lib/mysql2/client.rb:70:in `connect'
  mysql2 (0.3.18) lib/mysql2/client.rb:70:in `initialize'
  activerecord (4.2.3) lib/active_record/connection_adapters/mysql2_adapter.rb:18:in `new'
  activerecord (4.2.3) lib/active_record/connection_adapters/mysql2_adapter.rb:18:in `mysql2_connection'
  activerecord (4.2.3) lib/active_record/connection_adapters/abstract/connection_pool.rb:438:in `new_connection'
  activerecord (4.2.3) lib/active_record/connection_adapters/abstract/connection_pool.rb:448:in `checkout_new_connection'
  activerecord (4.2.3) lib/active_record/connection_adapters/abstract/connection_pool.rb:422:in `acquire_connection'
  activerecord (4.2.3) lib/active_record/connection_adapters/abstract/connection_pool.rb:349:in `block in checkout'
  /System/Library/Frameworks/Ruby.framework/Versions/2.0/usr/lib/ruby/2.0.0/monitor.rb:211:in `mon_synchronize'
  activerecord (4.2.3) lib/active_record/connection_adapters/abstract/connection_pool.rb:348:in `checkout'
  activerecord (4.2.3) lib/active_record/connection_adapters/abstract/connection_pool.rb:263:in `block in connection'
  /System/Library/Frameworks/Ruby.framework/Versions/2.0/usr/lib/ruby/2.0.0/monitor.rb:211:in `mon_synchronize'
  activerecord (4.2.3) lib/active_record/connection_adapters/abstract/connection_pool.rb:262:in `connection'
  activerecord (4.2.3) lib/active_record/connection_adapters/abstract/connection_pool.rb:571:in `retrieve_connection'
  activerecord (4.2.3) lib/active_record/connection_handling.rb:113:in `retrieve_connection'
  activerecord (4.2.3) lib/active_record/connection_handling.rb:87:in `connection'
  activerecord (4.2.3) lib/active_record/migration.rb:383:in `connection'
  activerecord (4.2.3) lib/active_record/migration.rb:370:in `call'
  actionpack (4.2.3) lib/action_dispatch/middleware/callbacks.rb:29:in `block in call'
  activesupport (4.2.3) lib/active_support/callbacks.rb:84:in `run_callbacks'
  actionpack (4.2.3) lib/action_dispatch/middleware/callbacks.rb:27:in `call'
  actionpack (4.2.3) lib/action_dispatch/middleware/reloader.rb:73:in `call'
  actionpack (4.2.3) lib/action_dispatch/middleware/remote_ip.rb:78:in `call'
  actionpack (4.2.3) lib/action_dispatch/middleware/debug_exceptions.rb:17:in `call'
  web-console (2.2.1) lib/web_console/middleware.rb:39:in `call'
  actionpack (4.2.3) lib/action_dispatch/middleware/show_exceptions.rb:30:in `call'
  railties (4.2.3) lib/rails/rack/logger.rb:38:in `call_app'
  railties (4.2.3) lib/rails/rack/logger.rb:20:in `block in call'
  activesupport (4.2.3) lib/active_support/tagged_logging.rb:68:in `block in tagged'
  activesupport (4.2.3) lib/active_support/tagged_logging.rb:26:in `tagged'
  activesupport (4.2.3) lib/active_support/tagged_logging.rb:68:in `tagged'
  railties (4.2.3) lib/rails/rack/logger.rb:20:in `call'
  actionpack (4.2.3) lib/action_dispatch/middleware/request_id.rb:21:in `call'
  rack (1.6.4) lib/rack/methodoverride.rb:22:in `call'
  rack (1.6.4) lib/rack/runtime.rb:18:in `call'
  activesupport (4.2.3) lib/active_support/cache/strategy/local_cache_middleware.rb:28:in `call'
  rack (1.6.4) lib/rack/lock.rb:17:in `call'
  actionpack (4.2.3) lib/action_dispatch/middleware/static.rb:116:in `call'
  rack (1.6.4) lib/rack/sendfile.rb:113:in `call'
  railties (4.2.3) lib/rails/engine.rb:518:in `call'
  railties (4.2.3) lib/rails/application.rb:165:in `call'
  rack (1.6.4) lib/rack/lock.rb:17:in `call'
  rack (1.6.4) lib/rack/content_length.rb:15:in `call'
  rack (1.6.4) lib/rack/handler/webrick.rb:88:in `service'
  /System/Library/Frameworks/Ruby.framework/Versions/2.0/usr/lib/ruby/2.0.0/webrick/httpserver.rb:138:in `service'
  /System/Library/Frameworks/Ruby.framework/Versions/2.0/usr/lib/ruby/2.0.0/webrick/httpserver.rb:94:in `run'
  /System/Library/Frameworks/Ruby.framework/Versions/2.0/usr/lib/ruby/2.0.0/webrick/server.rb:295:in `block in start_thread'


  Rendered /Library/Ruby/Gems/2.0.0/gems/actionpack-4.2.3/lib/action_dispatch/middleware/templates/rescues/_source.erb (2.6ms)
  Rendered /Library/Ruby/Gems/2.0.0/gems/actionpack-4.2.3/lib/action_dispatch/middleware/templates/rescues/_trace.html.erb (1.8ms)
  Rendered /Library/Ruby/Gems/2.0.0/gems/actionpack-4.2.3/lib/action_dispatch/middleware/templates/rescues/_request_and_response.html.erb (1.0ms)
  Rendered /Library/Ruby/Gems/2.0.0/gems/actionpack-4.2.3/lib/action_dispatch/middleware/templates/rescues/diagnostics.html.erb within rescues/layout (17.1ms)
  Rendered /Library/Ruby/Gems/2.0.0/gems/web-console-2.2.1/lib/web_console/templates/_markup.html.erb (0.2ms)
  Rendered /Library/Ruby/Gems/2.0.0/gems/web-console-2.2.1/lib/web_console/templates/_inner_console_markup.html.erb within layouts/inlined_string (0.2ms)
  Rendered /Library/Ruby/Gems/2.0.0/gems/web-console-2.2.1/lib/web_console/templates/_prompt_box_markup.html.erb within layouts/inlined_string (0.2ms)
  Rendered /Library/Ruby/Gems/2.0.0/gems/web-console-2.2.1/lib/web_console/templates/style.css.erb within layouts/inlined_string (0.3ms)
  Rendered /Library/Ruby/Gems/2.0.0/gems/web-console-2.2.1/lib/web_console/templates/console.js.erb within layouts/javascript (11.5ms)
  Rendered /Library/Ruby/Gems/2.0.0/gems/web-console-2.2.1/lib/web_console/templates/main.js.erb within layouts/javascript (0.2ms)
  Rendered /Library/Ruby/Gems/2.0.0/gems/web-console-2.2.1/lib/web_console/templates/error_page.js.erb within layouts/javascript (0.3ms)
  Rendered /Library/Ruby/Gems/2.0.0/gems/web-console-2.2.1/lib/web_console/templates/index.html.erb (23.4ms)


Started GET "/" for 127.0.0.1 at 2015-08-11 17:49:40 -0700

Mysql2::Error (Access denied for user 'root'@'localhost' (using password: YES)):
  mysql2 (0.3.18) lib/mysql2/client.rb:70:in `connect'
  mysql2 (0.3.18) lib/mysql2/client.rb:70:in `initialize'
  activerecord (4.2.3) lib/active_record/connection_adapters/mysql2_adapter.rb:18:in `new'
  activerecord (4.2.3) lib/active_record/connection_adapters/mysql2_adapter.rb:18:in `mysql2_connection'
  activerecord (4.2.3) lib/active_record/connection_adapters/abstract/connection_pool.rb:438:in `new_connection'
  activerecord (4.2.3) lib/active_record/connection_adapters/abstract/connection_pool.rb:448:in `checkout_new_connection'
  activerecord (4.2.3) lib/active_record/connection_adapters/abstract/connection_pool.rb:422:in `acquire_connection'
  activerecord (4.2.3) lib/active_record/connection_adapters/abstract/connection_pool.rb:349:in `block in checkout'
  /System/Library/Frameworks/Ruby.framework/Versions/2.0/usr/lib/ruby/2.0.0/monitor.rb:211:in `mon_synchronize'
  activerecord (4.2.3) lib/active_record/connection_adapters/abstract/connection_pool.rb:348:in `checkout'
  activerecord (4.2.3) lib/active_record/connection_adapters/abstract/connection_pool.rb:263:in `block in connection'
  /System/Library/Frameworks/Ruby.framework/Versions/2.0/usr/lib/ruby/2.0.0/monitor.rb:211:in `mon_synchronize'
  activerecord (4.2.3) lib/active_record/connection_adapters/abstract/connection_pool.rb:262:in `connection'
  activerecord (4.2.3) lib/active_record/connection_adapters/abstract/connection_pool.rb:571:in `retrieve_connection'
  activerecord (4.2.3) lib/active_record/connection_handling.rb:113:in `retrieve_connection'
  activerecord (4.2.3) lib/active_record/connection_handling.rb:87:in `connection'
  activerecord (4.2.3) lib/active_record/migration.rb:383:in `connection'
  activerecord (4.2.3) lib/active_record/migration.rb:370:in `call'
  actionpack (4.2.3) lib/action_dispatch/middleware/callbacks.rb:29:in `block in call'
  activesupport (4.2.3) lib/active_support/callbacks.rb:84:in `run_callbacks'
  actionpack (4.2.3) lib/action_dispatch/middleware/callbacks.rb:27:in `call'
  actionpack (4.2.3) lib/action_dispatch/middleware/reloader.rb:73:in `call'
  actionpack (4.2.3) lib/action_dispatch/middleware/remote_ip.rb:78:in `call'
  actionpack (4.2.3) lib/action_dispatch/middleware/debug_exceptions.rb:17:in `call'
  web-console (2.2.1) lib/web_console/middleware.rb:39:in `call'
  actionpack (4.2.3) lib/action_dispatch/middleware/show_exceptions.rb:30:in `call'
  railties (4.2.3) lib/rails/rack/logger.rb:38:in `call_app'
  railties (4.2.3) lib/rails/rack/logger.rb:20:in `block in call'
  activesupport (4.2.3) lib/active_support/tagged_logging.rb:68:in `block in tagged'
  activesupport (4.2.3) lib/active_support/tagged_logging.rb:26:in `tagged'
  activesupport (4.2.3) lib/active_support/tagged_logging.rb:68:in `tagged'
  railties (4.2.3) lib/rails/rack/logger.rb:20:in `call'
  actionpack (4.2.3) lib/action_dispatch/middleware/request_id.rb:21:in `call'
  rack (1.6.4) lib/rack/methodoverride.rb:22:in `call'
  rack (1.6.4) lib/rack/runtime.rb:18:in `call'
  activesupport (4.2.3) lib/active_support/cache/strategy/local_cache_middleware.rb:28:in `call'
  rack (1.6.4) lib/rack/lock.rb:17:in `call'
  actionpack (4.2.3) lib/action_dispatch/middleware/static.rb:116:in `call'
  rack (1.6.4) lib/rack/sendfile.rb:113:in `call'
  railties (4.2.3) lib/rails/engine.rb:518:in `call'
  railties (4.2.3) lib/rails/application.rb:165:in `call'
  rack (1.6.4) lib/rack/lock.rb:17:in `call'
  rack (1.6.4) lib/rack/content_length.rb:15:in `call'
  rack (1.6.4) lib/rack/handler/webrick.rb:88:in `service'
  /System/Library/Frameworks/Ruby.framework/Versions/2.0/usr/lib/ruby/2.0.0/webrick/httpserver.rb:138:in `service'
  /System/Library/Frameworks/Ruby.framework/Versions/2.0/usr/lib/ruby/2.0.0/webrick/httpserver.rb:94:in `run'
  /System/Library/Frameworks/Ruby.framework/Versions/2.0/usr/lib/ruby/2.0.0/webrick/server.rb:295:in `block in start_thread'


  Rendered /Library/Ruby/Gems/2.0.0/gems/actionpack-4.2.3/lib/action_dispatch/middleware/templates/rescues/_source.erb (2.2ms)
  Rendered /Library/Ruby/Gems/2.0.0/gems/actionpack-4.2.3/lib/action_dispatch/middleware/templates/rescues/_trace.html.erb (1.4ms)
  Rendered /Library/Ruby/Gems/2.0.0/gems/actionpack-4.2.3/lib/action_dispatch/middleware/templates/rescues/_request_and_response.html.erb (0.6ms)
  Rendered /Library/Ruby/Gems/2.0.0/gems/actionpack-4.2.3/lib/action_dispatch/middleware/templates/rescues/diagnostics.html.erb within rescues/layout (13.4ms)
  Rendered /Library/Ruby/Gems/2.0.0/gems/web-console-2.2.1/lib/web_console/templates/_markup.html.erb (0.3ms)
  Rendered /Library/Ruby/Gems/2.0.0/gems/web-console-2.2.1/lib/web_console/templates/_inner_console_markup.html.erb within layouts/inlined_string (0.2ms)
  Rendered /Library/Ruby/Gems/2.0.0/gems/web-console-2.2.1/lib/web_console/templates/_prompt_box_markup.html.erb within layouts/inlined_string (0.2ms)
  Rendered /Library/Ruby/Gems/2.0.0/gems/web-console-2.2.1/lib/web_console/templates/style.css.erb within layouts/inlined_string (0.2ms)
  Rendered /Library/Ruby/Gems/2.0.0/gems/web-console-2.2.1/lib/web_console/templates/console.js.erb within layouts/javascript (10.4ms)
  Rendered /Library/Ruby/Gems/2.0.0/gems/web-console-2.2.1/lib/web_console/templates/main.js.erb within layouts/javascript (0.3ms)
  Rendered /Library/Ruby/Gems/2.0.0/gems/web-console-2.2.1/lib/web_console/templates/error_page.js.erb within layouts/javascript (0.3ms)
  Rendered /Library/Ruby/Gems/2.0.0/gems/web-console-2.2.1/lib/web_console/templates/index.html.erb (23.0ms)


Started GET "/" for 127.0.0.1 at 2015-08-11 17:50:13 -0700
  [1m[36mActiveRecord::SchemaMigration Load (3.9ms)[0m  [1mSELECT `schema_migrations`.* FROM `schema_migrations`[0m

ActiveRecord::PendingMigrationError (

Migrations are pending. To resolve this issue, run:

	bin/rake db:migrate RAILS_ENV=development

):
  activerecord (4.2.3) lib/active_record/migration.rb:392:in `check_pending!'
  activerecord (4.2.3) lib/active_record/migration.rb:373:in `call'
  actionpack (4.2.3) lib/action_dispatch/middleware/callbacks.rb:29:in `block in call'
  activesupport (4.2.3) lib/active_support/callbacks.rb:84:in `run_callbacks'
  actionpack (4.2.3) lib/action_dispatch/middleware/callbacks.rb:27:in `call'
  actionpack (4.2.3) lib/action_dispatch/middleware/reloader.rb:73:in `call'
  actionpack (4.2.3) lib/action_dispatch/middleware/remote_ip.rb:78:in `call'
  actionpack (4.2.3) lib/action_dispatch/middleware/debug_exceptions.rb:17:in `call'
  web-console (2.2.1) lib/web_console/middleware.rb:39:in `call'
  actionpack (4.2.3) lib/action_dispatch/middleware/show_exceptions.rb:30:in `call'
  railties (4.2.3) lib/rails/rack/logger.rb:38:in `call_app'
  railties (4.2.3) lib/rails/rack/logger.rb:20:in `block in call'
  activesupport (4.2.3) lib/active_support/tagged_logging.rb:68:in `block in tagged'
  activesupport (4.2.3) lib/active_support/tagged_logging.rb:26:in `tagged'
  activesupport (4.2.3) lib/active_support/tagged_logging.rb:68:in `tagged'
  railties (4.2.3) lib/rails/rack/logger.rb:20:in `call'
  actionpack (4.2.3) lib/action_dispatch/middleware/request_id.rb:21:in `call'
  rack (1.6.4) lib/rack/methodoverride.rb:22:in `call'
  rack (1.6.4) lib/rack/runtime.rb:18:in `call'
  activesupport (4.2.3) lib/active_support/cache/strategy/local_cache_middleware.rb:28:in `call'
  rack (1.6.4) lib/rack/lock.rb:17:in `call'
  actionpack (4.2.3) lib/action_dispatch/middleware/static.rb:116:in `call'
  rack (1.6.4) lib/rack/sendfile.rb:113:in `call'
  railties (4.2.3) lib/rails/engine.rb:518:in `call'
  railties (4.2.3) lib/rails/application.rb:165:in `call'
  rack (1.6.4) lib/rack/lock.rb:17:in `call'
  rack (1.6.4) lib/rack/content_length.rb:15:in `call'
  rack (1.6.4) lib/rack/handler/webrick.rb:88:in `service'
  /System/Library/Frameworks/Ruby.framework/Versions/2.0/usr/lib/ruby/2.0.0/webrick/httpserver.rb:138:in `service'
  /System/Library/Frameworks/Ruby.framework/Versions/2.0/usr/lib/ruby/2.0.0/webrick/httpserver.rb:94:in `run'
  /System/Library/Frameworks/Ruby.framework/Versions/2.0/usr/lib/ruby/2.0.0/webrick/server.rb:295:in `block in start_thread'


  Rendered /Library/Ruby/Gems/2.0.0/gems/actionpack-4.2.3/lib/action_dispatch/middleware/templates/rescues/_source.erb (1.6ms)
  Rendered /Library/Ruby/Gems/2.0.0/gems/actionpack-4.2.3/lib/action_dispatch/middleware/templates/rescues/_trace.html.erb (0.9ms)
  Rendered /Library/Ruby/Gems/2.0.0/gems/actionpack-4.2.3/lib/action_dispatch/middleware/templates/rescues/_request_and_response.html.erb (0.6ms)
  Rendered /Library/Ruby/Gems/2.0.0/gems/actionpack-4.2.3/lib/action_dispatch/middleware/templates/rescues/diagnostics.html.erb within rescues/layout (12.2ms)
  Rendered /Library/Ruby/Gems/2.0.0/gems/web-console-2.2.1/lib/web_console/templates/_markup.html.erb (0.4ms)
  Rendered /Library/Ruby/Gems/2.0.0/gems/web-console-2.2.1/lib/web_console/templates/_inner_console_markup.html.erb within layouts/inlined_string (0.2ms)
  Rendered /Library/Ruby/Gems/2.0.0/gems/web-console-2.2.1/lib/web_console/templates/_prompt_box_markup.html.erb within layouts/inlined_string (0.2ms)
  Rendered /Library/Ruby/Gems/2.0.0/gems/web-console-2.2.1/lib/web_console/templates/style.css.erb within layouts/inlined_string (0.2ms)
  Rendered /Library/Ruby/Gems/2.0.0/gems/web-console-2.2.1/lib/web_console/templates/console.js.erb within layouts/javascript (11.9ms)
  Rendered /Library/Ruby/Gems/2.0.0/gems/web-console-2.2.1/lib/web_console/templates/main.js.erb within layouts/javascript (0.2ms)
  Rendered /Library/Ruby/Gems/2.0.0/gems/web-console-2.2.1/lib/web_console/templates/error_page.js.erb within layouts/javascript (0.3ms)
  Rendered /Library/Ruby/Gems/2.0.0/gems/web-console-2.2.1/lib/web_console/templates/index.html.erb (26.5ms)
  [1m[36mActiveRecord::SchemaMigration Load (0.2ms)[0m  [1mSELECT `schema_migrations`.* FROM `schema_migrations`[0m
Migrating to AddReadNumberToFeeds (20150810183244)
  [1m[35m (28.3ms)[0m  ALTER TABLE `feeds` ADD `ReadNumber` int
  [1m[36m (0.1ms)[0m  [1mBEGIN[0m
  [1m[35mSQL (0.3ms)[0m  INSERT INTO `schema_migrations` (`version`) VALUES ('20150810183244')
  [1m[36m (0.3ms)[0m  [1mCOMMIT[0m
  [1m[35mActiveRecord::SchemaMigration Load (0.1ms)[0m  SELECT `schema_migrations`.* FROM `schema_migrations`
  [1m[36m (1.3ms)[0m  [1mSELECT fk.referenced_table_name as 'to_table'
      ,fk.referenced_column_name as 'primary_key'
      ,fk.column_name as 'column'
      ,fk.constraint_name as 'name'
FROM information_schema.key_column_usage fk
WHERE fk.referenced_column_name is not null
  AND fk.table_schema = 'rssreader_2'
  AND fk.table_name = 'contacts'
[0m
  [1m[35m (0.1ms)[0m  SHOW CREATE TABLE `contacts`
  [1m[36m (0.1ms)[0m  [1mSELECT fk.referenced_table_name as 'to_table'
      ,fk.referenced_column_name as 'primary_key'
      ,fk.column_name as 'column'
      ,fk.constraint_name as 'name'
FROM information_schema.key_column_usage fk
WHERE fk.referenced_column_name is not null
  AND fk.table_schema = 'rssreader_2'
  AND fk.table_name = 'feeds'
[0m
  [1m[35m (0.1ms)[0m  SHOW CREATE TABLE `feeds`
  [1m[36m (0.1ms)[0m  [1mSELECT fk.referenced_table_name as 'to_table'
      ,fk.referenced_column_name as 'primary_key'
      ,fk.column_name as 'column'
      ,fk.constraint_name as 'name'
FROM information_schema.key_column_usage fk
WHERE fk.referenced_column_name is not null
  AND fk.table_schema = 'rssreader_2'
  AND fk.table_name = 'relationships'
[0m
  [1m[35m (0.1ms)[0m  SHOW CREATE TABLE `relationships`
  [1m[36m (0.2ms)[0m  [1mSELECT fk.referenced_table_name as 'to_table'
      ,fk.referenced_column_name as 'primary_key'
      ,fk.column_name as 'column'
      ,fk.constraint_name as 'name'
FROM information_schema.key_column_usage fk
WHERE fk.referenced_column_name is not null
  AND fk.table_schema = 'rssreader_2'
  AND fk.table_name = 'subscriptions'
[0m
  [1m[35m (0.1ms)[0m  SHOW CREATE TABLE `subscriptions`
  [1m[36m (0.2ms)[0m  [1mSELECT fk.referenced_table_name as 'to_table'
      ,fk.referenced_column_name as 'primary_key'
      ,fk.column_name as 'column'
      ,fk.constraint_name as 'name'
FROM information_schema.key_column_usage fk
WHERE fk.referenced_column_name is not null
  AND fk.table_schema = 'rssreader_2'
  AND fk.table_name = 'users'
[0m
  [1m[35m (0.1ms)[0m  SHOW CREATE TABLE `users`


Started GET "/" for 127.0.0.1 at 2015-08-11 17:50:43 -0700
  [1m[36mActiveRecord::SchemaMigration Load (0.2ms)[0m  [1mSELECT `schema_migrations`.* FROM `schema_migrations`[0m
Processing by HomeController#home as HTML
  Rendered home/home.html.erb within layouts/application (204.8ms)
  [1m[35mUser Load (0.4ms)[0m  SELECT  `users`.* FROM `users` WHERE `users`.`id` = 1  ORDER BY `users`.`id` ASC LIMIT 1
Completed 200 OK in 7615ms (Views: 7597.0ms | ActiveRecord: 1.7ms)


Started GET "/assets/jquery.self-d03a5518f45df77341bdbe6201ba3bfa547ebba8ed64f0ea56bfa5f96ea7c074.js?body=1" for 127.0.0.1 at 2015-08-11 17:50:51 -0700


Started GET "/assets/social-share-button.self-202aea3d1dcd29e13b5fd197059bf0a7f4bee040e1474dba5629a727a2d0fdf0.css?body=1" for 127.0.0.1 at 2015-08-11 17:50:51 -0700


Started GET "/assets/application.self-63307df41e407facc98ebac57f94772f12a4b205993c61ddff012a6681e15a83.css?body=1" for 127.0.0.1 at 2015-08-11 17:50:51 -0700


Started GET "/assets/feeds.self-e3b0c44298fc1c149afbf4c8996fb92427ae41e4649b934ca495991b7852b855.css?body=1" for 127.0.0.1 at 2015-08-11 17:50:51 -0700


Started GET "/assets/subscriptions.self-59155d83677389b3dce7148344dee6e41d20f54f21c216f1ee362ca3f8264f5e.css?body=1" for 127.0.0.1 at 2015-08-11 17:50:51 -0700


Started GET "/assets/materialize/jquery.easing.1.3.self-0170bc905fbddc075a56bdccce1be6a58f3713a14137b607ba9bd9f96fd7835f.js?body=1" for 127.0.0.1 at 2015-08-11 17:50:51 -0700


Started GET "/assets/materialize/animation.self-a1028b0bcf2e26331bedf7b90e81103f0707e69fdec488aa951de94b51987767.js?body=1" for 127.0.0.1 at 2015-08-11 17:50:51 -0700


Started GET "/assets/materialize/velocity.min.self-b01240ce1811a86e98a242cf1710553d1db34655f36b1e4ed745a7dc125db0ca.js?body=1" for 127.0.0.1 at 2015-08-11 17:50:51 -0700


Started GET "/assets/materialize/hammer.min.self-bf8bdb0953b1a135f96716e362e1f7a8e64168c914fa77ca31973bb70e57a731.js?body=1" for 127.0.0.1 at 2015-08-11 17:50:51 -0700


Started GET "/assets/materialize/jquery.hammer.self-73fd69102f356b9abfc9ee242b19895f62454f42cfcfa1f066be71d2c8f41c7a.js?body=1" for 127.0.0.1 at 2015-08-11 17:50:51 -0700


Started GET "/assets/materialize/dropdown.self-fae0917ba1dc6dc6cc00c9df451fd18ac72957677fb76b6291418398aaa3440c.js?body=1" for 127.0.0.1 at 2015-08-11 17:50:51 -0700


Started GET "/assets/materialize/global.self-6278d27c18237cf0b6fcd96a6bf27f58369de2c4d26bcb45ac9c49a50c0ad80a.js?body=1" for 127.0.0.1 at 2015-08-11 17:50:51 -0700


Started GET "/assets/materialize/collapsible.self-bef6d527d6d38fc450d40f0e2733a1ccefc1817d34e041f69891c11b22642772.js?body=1" for 127.0.0.1 at 2015-08-11 17:50:51 -0700


Started GET "/assets/materialize/leanModal.self-4db1374f875e0a1a2ba3389d23cae8f6f0c2672e7e69aeab7645ed51d26e6915.js?body=1" for 127.0.0.1 at 2015-08-11 17:50:51 -0700


Started GET "/assets/materialize/parallax.self-7ac34f0f3dcef83deee116ea473a2770cec13e07c8e0dcce08cc2372bbe295d3.js?body=1" for 127.0.0.1 at 2015-08-11 17:50:51 -0700


Started GET "/assets/materialize/tooltip.self-cd3548bc6934ec5af60f0e60c1146ebfeafac763b904e6f896119f1cd5c52a6e.js?body=1" for 127.0.0.1 at 2015-08-11 17:50:51 -0700


Started GET "/assets/materialize/waves.self-26e9b9cfaa9ccbc292ed510f654bd279d69695f5337a14c9800b36e92f96735b.js?body=1" for 127.0.0.1 at 2015-08-11 17:50:51 -0700


Started GET "/assets/materialize/materialbox.self-697b2e84aa96b92b704f270bccaf72f5b0839012265d47e20695d6c7e54041b1.js?body=1" for 127.0.0.1 at 2015-08-11 17:50:51 -0700


Started GET "/assets/materialize/toasts.self-e6883cac22ad22f88149b85c3e9efdee36fba56008586f550e6cb647386e0407.js?body=1" for 127.0.0.1 at 2015-08-11 17:50:51 -0700


Started GET "/assets/materialize/sideNav.self-edaf1f17663d1cdb6a2c7ea0888ffc6b25a8d279e45ec96a63524893d7f99bfe.js?body=1" for 127.0.0.1 at 2015-08-11 17:50:51 -0700


Started GET "/assets/materialize/scrollspy.self-9bd8d701ac90c813a0d051ab4943150bdb536d863646d8b349c42a88edb31cf8.js?body=1" for 127.0.0.1 at 2015-08-11 17:50:51 -0700


Started GET "/assets/materialize/tabs.self-8b03a508bef52283d6f302037fd672ca9d379a1901d72baa59418484071b8cbf.js?body=1" for 127.0.0.1 at 2015-08-11 17:50:51 -0700


Started GET "/assets/materialize/slider.self-b45587c52188bb778a060d2deee7c89f76474b48bc44559a0f8ca0b42a738b9b.js?body=1" for 127.0.0.1 at 2015-08-11 17:50:51 -0700


Started GET "/assets/materialize/pushpin.self-3e487290a48f23142c992c158b45cbd0be9c83de7c23abbb33b195954d1883cd.js?body=1" for 127.0.0.1 at 2015-08-11 17:50:51 -0700


Started GET "/assets/materialize/forms.self-3bb4c6691a15a59ee12a1577c137f5849d58265b45a01f2bd76dbd9a963083d4.js?body=1" for 127.0.0.1 at 2015-08-11 17:50:51 -0700


Started GET "/assets/materialize/cards.self-e21f14b1b3c6987af4297d4da8ff5de59296ff2e37e2d062ec0c6d2dff4c8001.js?body=1" for 127.0.0.1 at 2015-08-11 17:50:51 -0700


Started GET "/assets/materialize/buttons.self-e24986f138b11adc95249c0795e0357b52be8177ce2e894d41818868f51b09ed.js?body=1" for 127.0.0.1 at 2015-08-11 17:50:51 -0700


Started GET "/assets/materialize/scrollFire.self-f18a16d9bb0e0177e01b0326e41c601a6a85bb6a00dbca34593f88a6c89770d2.js?body=1" for 127.0.0.1 at 2015-08-11 17:50:51 -0700


Started GET "/assets/materialize/date_picker/picker.self-f7869dc9881d3874917e009ea6e30d68817b1bd1247665fb653e0f87393fb60f.js?body=1" for 127.0.0.1 at 2015-08-11 17:50:51 -0700


Started GET "/assets/materialize/date_picker/picker.date.self-5924b278beda2df8570f137f72b37e2d0f516acbc11a0994d1abb74380f078ef.js?body=1" for 127.0.0.1 at 2015-08-11 17:50:51 -0700


Started GET "/assets/materialize-sprockets.self-a66b8b29b6eb6d8d6ac137234cb5d8f49f9bb4507a678c7f3ff97659a36ae3b0.js?body=1" for 127.0.0.1 at 2015-08-11 17:50:51 -0700


Started GET "/assets/materialize/transitions.self-c527b205edfdd1f961487c4c7beaf83c335262accb4dff964341a86eb60fd2f2.js?body=1" for 127.0.0.1 at 2015-08-11 17:50:51 -0700


Started GET "/assets/jquery_ujs.self-ca5248a2fad13d6bd58ea121318d642f195f0b2dd818b30615f785ff365e8d1f.js?body=1" for 127.0.0.1 at 2015-08-11 17:50:51 -0700


Started GET "/assets/turbolinks.self-c37727e9bd6b2735da5c311aa83fead54ed0be6cc8bd9a65309e9c5abe2cbfff.js?body=1" for 127.0.0.1 at 2015-08-11 17:50:51 -0700


Started GET "/assets/feeds.self-877aef30ae1b040ab8a3aba4e3e309a11d7f2612f44dde450b5c157aa5f95c05.js?body=1" for 127.0.0.1 at 2015-08-11 17:50:51 -0700


Started GET "/assets/subscriptions.self-877aef30ae1b040ab8a3aba4e3e309a11d7f2612f44dde450b5c157aa5f95c05.js?body=1" for 127.0.0.1 at 2015-08-11 17:50:51 -0700


Started GET "/assets/materialize/character_counter.self-f3a78940ad5b851c1b7b79d86a5d5d9bdf0dc15e0e58e2a58b3eb57d845fbd37.js?body=1" for 127.0.0.1 at 2015-08-11 17:50:51 -0700


Started GET "/assets/social-share-button.self-6082d8b31e4f65f78775da9c378e1bac8849e640f8c62277baa283398a9daf9e.js?body=1" for 127.0.0.1 at 2015-08-11 17:50:51 -0700


Started GET "/assets/application.self-80e6e45bd2c1f03ec88afdef86e38fe5b776e0f156466e72035fde9a3057e543.js?body=1" for 127.0.0.1 at 2015-08-11 17:50:51 -0700


Started GET "/assets/1-83334266df39e24f40a9710c6fe7ee4e62666051cf85a4fd561ced9195aeb7be.jpg" for 127.0.0.1 at 2015-08-11 17:50:51 -0700


Started GET "/assets/2-238cc90e6b8a4e98e554982175065cabfbfb0755f85f5404ddf2c5e9f30ce426.jpg" for 127.0.0.1 at 2015-08-11 17:50:51 -0700


Started GET "/assets/3-45a4f59fd0bff210f5fa5bbbdd340f6aed5ff892aba9984121590cdbf4632c15.jpg" for 127.0.0.1 at 2015-08-11 17:50:51 -0700


Started GET "/assets/roboto/Roboto-Regular-b5c9c23bd12593523a46d79dd0aee80e3226bbde4c9ac05fc30a95e2c1510de0.woff2" for 127.0.0.1 at 2015-08-11 17:50:51 -0700


Started GET "/assets/roboto/Roboto-Light-94a0ac8d73bb60a9cbe27a4fa36669104f6ffa37c8ff2df29313a6c0d3b64a75.woff2" for 127.0.0.1 at 2015-08-11 17:50:51 -0700


Started GET "/users/sign_in" for 127.0.0.1 at 2015-08-11 17:50:53 -0700
Processing by Devise::SessionsController#new as HTML
  [1m[36mUser Load (0.2ms)[0m  [1mSELECT  `users`.* FROM `users` WHERE `users`.`id` = 1  ORDER BY `users`.`id` ASC LIMIT 1[0m
Redirected to http://localhost:3000/subscriptions/list
Filter chain halted as :require_no_authentication rendered or redirected
Completed 302 Found in 10ms (ActiveRecord: 0.2ms)


Started GET "/subscriptions/list" for 127.0.0.1 at 2015-08-11 17:50:53 -0700
Processing by SubscriptionsController#list as HTML
  [1m[35mUser Load (0.2ms)[0m  SELECT  `users`.* FROM `users` WHERE `users`.`id` = 1  ORDER BY `users`.`id` ASC LIMIT 1
  [1m[36mSubscription Load (0.9ms)[0m  [1mSELECT `subscriptions`.* FROM `subscriptions` WHERE (user_id=1)[0m
  Rendered layouts/_side.html.erb (0.9ms)
  [1m[35mFeed Load (0.2ms)[0m  SELECT `feeds`.* FROM `feeds` WHERE (id=4)
  [1m[36mFeed Load (0.2ms)[0m  [1mSELECT `feeds`.* FROM `feeds` WHERE (id=5)[0m
  Rendered subscriptions/_list.html.erb (6.8ms)
  Rendered subscriptions/list.html.erb within layouts/application (10.9ms)
Completed 200 OK in 192ms (Views: 175.6ms | ActiveRecord: 3.6ms)


Started GET "/assets/material-design-icons/Material-Design-Icons-4efd86423405eefbcbe28d543fc5db242d747b47f8b201f6d8bfdd091ff3bbdd.woff2" for 127.0.0.1 at 2015-08-11 17:50:53 -0700


Started GET "/subscriptions/ratelist" for 127.0.0.1 at 2015-08-11 17:51:03 -0700
Processing by SubscriptionsController#ratelist as HTML
  [1m[35mUser Load (0.3ms)[0m  SELECT  `users`.* FROM `users` WHERE `users`.`id` = 1  ORDER BY `users`.`id` ASC LIMIT 1
  [1m[36mFeed Load (0.3ms)[0m  [1mSELECT  `feeds`.* FROM `feeds`  ORDER BY ReadNumber DESC LIMIT 10[0m
  Rendered layouts/_side.html.erb (0.7ms)
  Rendered subscriptions/_ratelist.html.erb (3.2ms)
  Rendered subscriptions/ratelist.html.erb within layouts/application (5.6ms)
Completed 200 OK in 117ms (Views: 113.2ms | ActiveRecord: 0.6ms)


Started GET "/feeds/list?address=http%3A%2F%2Fwww.ruanyifeng.com%2Fblog%2Fatom.xml" for 127.0.0.1 at 2015-08-11 17:51:11 -0700
Processing by FeedsController#list as HTML
  Parameters: {"address"=>"http://www.ruanyifeng.com/blog/atom.xml"}
  [1m[35mUser Load (0.2ms)[0m  SELECT  `users`.* FROM `users` WHERE `users`.`id` = 1  ORDER BY `users`.`id` ASC LIMIT 1
  [1m[36mFeed Load (0.2ms)[0m  [1mSELECT `feeds`.* FROM `feeds` WHERE (source='http://www.ruanyifeng.com/blog/atom.xml')[0m
  [1m[35m (0.1ms)[0m  BEGIN
  [1m[36mSQL (0.3ms)[0m  [1mUPDATE `feeds` SET `ReadNumber` = 1, `updated_at` = '2015-08-12 00:51:11' WHERE `feeds`.`id` = 1[0m
  [1m[35m (0.3ms)[0m  COMMIT
  Rendered layouts/_side.html.erb (0.6ms)
  Rendered feeds/_list.html.erb (8.2ms)
  Rendered feeds/list.html.erb within layouts/application (10.4ms)
Completed 200 OK in 4607ms (Views: 126.0ms | ActiveRecord: 1.1ms)


Started GET "/feeds/list?address=http%3A%2F%2Fwww.ruanyifeng.com%2Fblog%2Fatom.xml" for 127.0.0.1 at 2015-08-11 17:51:15 -0700
Processing by FeedsController#list as HTML
  Parameters: {"address"=>"http://www.ruanyifeng.com/blog/atom.xml"}
  [1m[36mUser Load (0.3ms)[0m  [1mSELECT  `users`.* FROM `users` WHERE `users`.`id` = 1  ORDER BY `users`.`id` ASC LIMIT 1[0m
  [1m[35mFeed Load (0.2ms)[0m  SELECT `feeds`.* FROM `feeds` WHERE (source='http://www.ruanyifeng.com/blog/atom.xml')
  [1m[36m (0.1ms)[0m  [1mBEGIN[0m
  [1m[35mSQL (0.2ms)[0m  UPDATE `feeds` SET `ReadNumber` = 2, `updated_at` = '2015-08-12 00:51:15' WHERE `feeds`.`id` = 1
  [1m[36m (0.8ms)[0m  [1mCOMMIT[0m
  Rendered layouts/_side.html.erb (0.6ms)
  Rendered feeds/_list.html.erb (9.3ms)
  Rendered feeds/list.html.erb within layouts/application (10.9ms)
Completed 200 OK in 1615ms (Views: 119.6ms | ActiveRecord: 1.5ms)


Started GET "/feeds/list?address=http%3A%2F%2Fwww.ruanyifeng.com%2Fblog%2Fatom.xml" for 127.0.0.1 at 2015-08-11 17:51:17 -0700
Processing by FeedsController#list as HTML
  Parameters: {"address"=>"http://www.ruanyifeng.com/blog/atom.xml"}
  [1m[35mUser Load (0.3ms)[0m  SELECT  `users`.* FROM `users` WHERE `users`.`id` = 1  ORDER BY `users`.`id` ASC LIMIT 1
  [1m[36mFeed Load (0.2ms)[0m  [1mSELECT `feeds`.* FROM `feeds` WHERE (source='http://www.ruanyifeng.com/blog/atom.xml')[0m
  [1m[35m (0.1ms)[0m  BEGIN
  [1m[36mSQL (0.2ms)[0m  [1mUPDATE `feeds` SET `ReadNumber` = 3, `updated_at` = '2015-08-12 00:51:17' WHERE `feeds`.`id` = 1[0m
  [1m[35m (0.8ms)[0m  COMMIT
  Rendered layouts/_side.html.erb (0.6ms)
  Rendered feeds/_list.html.erb (6.9ms)
  Rendered feeds/list.html.erb within layouts/application (8.6ms)
Completed 200 OK in 1625ms (Views: 120.2ms | ActiveRecord: 1.5ms)


Started GET "/feeds/list?address=http%3A%2F%2Fcoolshell.cn%2Ffeed" for 127.0.0.1 at 2015-08-11 17:51:19 -0700
Processing by FeedsController#list as HTML
  Parameters: {"address"=>"http://coolshell.cn/feed"}
  [1m[36mUser Load (0.2ms)[0m  [1mSELECT  `users`.* FROM `users` WHERE `users`.`id` = 1  ORDER BY `users`.`id` ASC LIMIT 1[0m
  [1m[35mFeed Load (0.1ms)[0m  SELECT `feeds`.* FROM `feeds` WHERE (source='http://coolshell.cn/feed')
  [1m[36m (0.1ms)[0m  [1mBEGIN[0m
  [1m[35mSQL (0.2ms)[0m  UPDATE `feeds` SET `ReadNumber` = 1, `updated_at` = '2015-08-12 00:51:19' WHERE `feeds`.`id` = 3
  [1m[36m (0.3ms)[0m  [1mCOMMIT[0m
  Rendered layouts/_side.html.erb (0.6ms)
  Rendered feeds/_list.html.erb (6.7ms)
  Rendered feeds/list.html.erb within layouts/application (8.4ms)
Completed 200 OK in 17927ms (Views: 181.8ms | ActiveRecord: 0.9ms)


Started GET "/feeds/search_input" for 127.0.0.1 at 2015-08-11 17:51:36 -0700
Processing by FeedsController#search_input as HTML
  [1m[35mUser Load (0.3ms)[0m  SELECT  `users`.* FROM `users` WHERE `users`.`id` = 1  ORDER BY `users`.`id` ASC LIMIT 1
  Rendered layouts/_side.html.erb (0.9ms)
  Rendered feeds/search_input.html.erb within layouts/application (10.7ms)
Completed 200 OK in 129ms (Views: 126.7ms | ActiveRecord: 0.3ms)


Started GET "/feeds/search_input" for 127.0.0.1 at 2015-08-11 17:51:37 -0700
Processing by FeedsController#search_input as HTML
  [1m[36mUser Load (0.2ms)[0m  [1mSELECT  `users`.* FROM `users` WHERE `users`.`id` = 1  ORDER BY `users`.`id` ASC LIMIT 1[0m
  Rendered layouts/_side.html.erb (0.5ms)
  Rendered feeds/search_input.html.erb within layouts/application (1.5ms)
Completed 200 OK in 120ms (Views: 117.7ms | ActiveRecord: 0.2ms)


Started GET "/feeds/search_input" for 127.0.0.1 at 2015-08-11 17:51:37 -0700
Processing by FeedsController#search_input as HTML
  [1m[35mUser Load (0.3ms)[0m  SELECT  `users`.* FROM `users` WHERE `users`.`id` = 1  ORDER BY `users`.`id` ASC LIMIT 1
  Rendered layouts/_side.html.erb (0.6ms)
  Rendered feeds/search_input.html.erb within layouts/application (1.6ms)
Completed 200 OK in 188ms (Views: 185.9ms | ActiveRecord: 0.3ms)


Started GET "/feeds/search_input" for 127.0.0.1 at 2015-08-11 17:51:37 -0700
Processing by FeedsController#search_input as HTML
  [1m[36mUser Load (0.2ms)[0m  [1mSELECT  `users`.* FROM `users` WHERE `users`.`id` = 1  ORDER BY `users`.`id` ASC LIMIT 1[0m
  Rendered layouts/_side.html.erb (0.5ms)
  Rendered feeds/search_input.html.erb within layouts/application (1.6ms)
Completed 200 OK in 124ms (Views: 121.9ms | ActiveRecord: 0.2ms)


Started GET "/feeds/search_input" for 127.0.0.1 at 2015-08-11 17:51:37 -0700
Processing by FeedsController#search_input as HTML
  [1m[35mUser Load (0.3ms)[0m  SELECT  `users`.* FROM `users` WHERE `users`.`id` = 1  ORDER BY `users`.`id` ASC LIMIT 1
  Rendered layouts/_side.html.erb (0.5ms)
  Rendered feeds/search_input.html.erb within layouts/application (1.5ms)
Completed 200 OK in 190ms (Views: 188.6ms | ActiveRecord: 0.3ms)


Started GET "/feeds/search_input" for 127.0.0.1 at 2015-08-11 17:51:37 -0700
Processing by FeedsController#search_input as HTML
  [1m[36mUser Load (0.2ms)[0m  [1mSELECT  `users`.* FROM `users` WHERE `users`.`id` = 1  ORDER BY `users`.`id` ASC LIMIT 1[0m
  Rendered layouts/_side.html.erb (0.5ms)
  Rendered feeds/search_input.html.erb within layouts/application (1.7ms)
Completed 200 OK in 113ms (Views: 110.8ms | ActiveRecord: 0.2ms)


Started GET "/feeds/search_input" for 127.0.0.1 at 2015-08-11 17:51:37 -0700
Processing by FeedsController#search_input as HTML
  [1m[35mUser Load (0.2ms)[0m  SELECT  `users`.* FROM `users` WHERE `users`.`id` = 1  ORDER BY `users`.`id` ASC LIMIT 1
  Rendered layouts/_side.html.erb (0.5ms)
  Rendered feeds/search_input.html.erb within layouts/application (1.4ms)
Completed 200 OK in 189ms (Views: 187.5ms | ActiveRecord: 0.2ms)


Started GET "/feeds/search_input" for 127.0.0.1 at 2015-08-11 17:51:38 -0700
Processing by FeedsController#search_input as HTML
  [1m[36mUser Load (0.3ms)[0m  [1mSELECT  `users`.* FROM `users` WHERE `users`.`id` = 1  ORDER BY `users`.`id` ASC LIMIT 1[0m
  Rendered layouts/_side.html.erb (0.5ms)
  Rendered feeds/search_input.html.erb within layouts/application (1.6ms)
Completed 200 OK in 114ms (Views: 111.4ms | ActiveRecord: 0.3ms)


Started GET "/feeds/search_input" for 127.0.0.1 at 2015-08-11 17:51:38 -0700
Processing by FeedsController#search_input as HTML
  [1m[35mUser Load (0.3ms)[0m  SELECT  `users`.* FROM `users` WHERE `users`.`id` = 1  ORDER BY `users`.`id` ASC LIMIT 1
  Rendered layouts/_side.html.erb (0.5ms)
  Rendered feeds/search_input.html.erb within layouts/application (1.4ms)
Completed 200 OK in 120ms (Views: 118.5ms | ActiveRecord: 0.3ms)


Started GET "/feeds/search_input" for 127.0.0.1 at 2015-08-11 17:51:38 -0700
Processing by FeedsController#search_input as HTML
  [1m[36mUser Load (0.2ms)[0m  [1mSELECT  `users`.* FROM `users` WHERE `users`.`id` = 1  ORDER BY `users`.`id` ASC LIMIT 1[0m
  Rendered layouts/_side.html.erb (0.4ms)
  Rendered feeds/search_input.html.erb within layouts/application (1.4ms)
Completed 200 OK in 186ms (Views: 184.9ms | ActiveRecord: 0.2ms)


Started GET "/feeds/search_input" for 127.0.0.1 at 2015-08-11 17:51:38 -0700
Processing by FeedsController#search_input as HTML
  [1m[35mUser Load (0.3ms)[0m  SELECT  `users`.* FROM `users` WHERE `users`.`id` = 1  ORDER BY `users`.`id` ASC LIMIT 1
  Rendered layouts/_side.html.erb (0.5ms)
  Rendered feeds/search_input.html.erb within layouts/application (1.6ms)
Completed 200 OK in 115ms (Views: 113.2ms | ActiveRecord: 0.3ms)


Started GET "/feeds/search_input" for 127.0.0.1 at 2015-08-11 17:51:38 -0700
Processing by FeedsController#search_input as HTML
  [1m[36mUser Load (0.2ms)[0m  [1mSELECT  `users`.* FROM `users` WHERE `users`.`id` = 1  ORDER BY `users`.`id` ASC LIMIT 1[0m
  Rendered layouts/_side.html.erb (0.4ms)
  Rendered feeds/search_input.html.erb within layouts/application (1.3ms)
Completed 200 OK in 181ms (Views: 179.4ms | ActiveRecord: 0.2ms)


Started GET "/feeds/search_input" for 127.0.0.1 at 2015-08-11 17:51:38 -0700
Processing by FeedsController#search_input as HTML
  [1m[35mUser Load (0.3ms)[0m  SELECT  `users`.* FROM `users` WHERE `users`.`id` = 1  ORDER BY `users`.`id` ASC LIMIT 1
  Rendered layouts/_side.html.erb (0.5ms)
  Rendered feeds/search_input.html.erb within layouts/application (1.7ms)
Completed 200 OK in 118ms (Views: 116.1ms | ActiveRecord: 0.3ms)


Started GET "/subscriptions/ratelist" for 127.0.0.1 at 2015-08-11 17:51:38 -0700
Processing by SubscriptionsController#ratelist as HTML
  [1m[36mUser Load (0.3ms)[0m  [1mSELECT  `users`.* FROM `users` WHERE `users`.`id` = 1  ORDER BY `users`.`id` ASC LIMIT 1[0m
  [1m[35mFeed Load (0.2ms)[0m  SELECT  `feeds`.* FROM `feeds`  ORDER BY ReadNumber DESC LIMIT 10
  Rendered layouts/_side.html.erb (1.8ms)
  Rendered subscriptions/_ratelist.html.erb (3.8ms)
  Rendered subscriptions/ratelist.html.erb within layouts/application (7.7ms)
Completed 200 OK in 208ms (Views: 204.8ms | ActiveRecord: 0.5ms)


Started GET "/assets/feeds.self-e3b0c44298fc1c149afbf4c8996fb92427ae41e4649b934ca495991b7852b855.css?body=1" for 127.0.0.1 at 2015-08-11 17:51:39 -0700


Started GET "/assets/subscriptions.self-59155d83677389b3dce7148344dee6e41d20f54f21c216f1ee362ca3f8264f5e.css?body=1" for 127.0.0.1 at 2015-08-11 17:51:39 -0700


Started GET "/assets/jquery.self-d03a5518f45df77341bdbe6201ba3bfa547ebba8ed64f0ea56bfa5f96ea7c074.js?body=1" for 127.0.0.1 at 2015-08-11 17:51:39 -0700


Started GET "/assets/social-share-button.self-202aea3d1dcd29e13b5fd197059bf0a7f4bee040e1474dba5629a727a2d0fdf0.css?body=1" for 127.0.0.1 at 2015-08-11 17:51:39 -0700


Started GET "/assets/materialize/jquery.easing.1.3.self-0170bc905fbddc075a56bdccce1be6a58f3713a14137b607ba9bd9f96fd7835f.js?body=1" for 127.0.0.1 at 2015-08-11 17:51:39 -0700


Started GET "/assets/application.self-63307df41e407facc98ebac57f94772f12a4b205993c61ddff012a6681e15a83.css?body=1" for 127.0.0.1 at 2015-08-11 17:51:39 -0700


Started GET "/assets/materialize/animation.self-a1028b0bcf2e26331bedf7b90e81103f0707e69fdec488aa951de94b51987767.js?body=1" for 127.0.0.1 at 2015-08-11 17:51:39 -0700


Started GET "/assets/materialize/velocity.min.self-b01240ce1811a86e98a242cf1710553d1db34655f36b1e4ed745a7dc125db0ca.js?body=1" for 127.0.0.1 at 2015-08-11 17:51:39 -0700


Started GET "/assets/materialize/hammer.min.self-bf8bdb0953b1a135f96716e362e1f7a8e64168c914fa77ca31973bb70e57a731.js?body=1" for 127.0.0.1 at 2015-08-11 17:51:39 -0700


Started GET "/assets/materialize/jquery.hammer.self-73fd69102f356b9abfc9ee242b19895f62454f42cfcfa1f066be71d2c8f41c7a.js?body=1" for 127.0.0.1 at 2015-08-11 17:51:39 -0700


Started GET "/assets/materialize/global.self-6278d27c18237cf0b6fcd96a6bf27f58369de2c4d26bcb45ac9c49a50c0ad80a.js?body=1" for 127.0.0.1 at 2015-08-11 17:51:39 -0700


Started GET "/assets/materialize/collapsible.self-bef6d527d6d38fc450d40f0e2733a1ccefc1817d34e041f69891c11b22642772.js?body=1" for 127.0.0.1 at 2015-08-11 17:51:39 -0700


Started GET "/assets/materialize/dropdown.self-fae0917ba1dc6dc6cc00c9df451fd18ac72957677fb76b6291418398aaa3440c.js?body=1" for 127.0.0.1 at 2015-08-11 17:51:39 -0700


Started GET "/assets/materialize/leanModal.self-4db1374f875e0a1a2ba3389d23cae8f6f0c2672e7e69aeab7645ed51d26e6915.js?body=1" for 127.0.0.1 at 2015-08-11 17:51:39 -0700


Started GET "/assets/materialize/materialbox.self-697b2e84aa96b92b704f270bccaf72f5b0839012265d47e20695d6c7e54041b1.js?body=1" for 127.0.0.1 at 2015-08-11 17:51:39 -0700


Started GET "/assets/materialize/parallax.self-7ac34f0f3dcef83deee116ea473a2770cec13e07c8e0dcce08cc2372bbe295d3.js?body=1" for 127.0.0.1 at 2015-08-11 17:51:39 -0700


Started GET "/assets/materialize/tabs.self-8b03a508bef52283d6f302037fd672ca9d379a1901d72baa59418484071b8cbf.js?body=1" for 127.0.0.1 at 2015-08-11 17:51:39 -0700


Started GET "/assets/materialize/tooltip.self-cd3548bc6934ec5af60f0e60c1146ebfeafac763b904e6f896119f1cd5c52a6e.js?body=1" for 127.0.0.1 at 2015-08-11 17:51:39 -0700


Started GET "/assets/materialize/waves.self-26e9b9cfaa9ccbc292ed510f654bd279d69695f5337a14c9800b36e92f96735b.js?body=1" for 127.0.0.1 at 2015-08-11 17:51:39 -0700


Started GET "/assets/materialize/toasts.self-e6883cac22ad22f88149b85c3e9efdee36fba56008586f550e6cb647386e0407.js?body=1" for 127.0.0.1 at 2015-08-11 17:51:39 -0700


Started GET "/assets/materialize/sideNav.self-edaf1f17663d1cdb6a2c7ea0888ffc6b25a8d279e45ec96a63524893d7f99bfe.js?body=1" for 127.0.0.1 at 2015-08-11 17:51:39 -0700


Started GET "/assets/materialize/scrollspy.self-9bd8d701ac90c813a0d051ab4943150bdb536d863646d8b349c42a88edb31cf8.js?body=1" for 127.0.0.1 at 2015-08-11 17:51:39 -0700


Started GET "/assets/materialize/forms.self-3bb4c6691a15a59ee12a1577c137f5849d58265b45a01f2bd76dbd9a963083d4.js?body=1" for 127.0.0.1 at 2015-08-11 17:51:39 -0700


Started GET "/assets/materialize/slider.self-b45587c52188bb778a060d2deee7c89f76474b48bc44559a0f8ca0b42a738b9b.js?body=1" for 127.0.0.1 at 2015-08-11 17:51:39 -0700


Started GET "/assets/materialize/cards.self-e21f14b1b3c6987af4297d4da8ff5de59296ff2e37e2d062ec0c6d2dff4c8001.js?body=1" for 127.0.0.1 at 2015-08-11 17:51:39 -0700


Started GET "/assets/materialize/pushpin.self-3e487290a48f23142c992c158b45cbd0be9c83de7c23abbb33b195954d1883cd.js?body=1" for 127.0.0.1 at 2015-08-11 17:51:39 -0700


Started GET "/assets/materialize/buttons.self-e24986f138b11adc95249c0795e0357b52be8177ce2e894d41818868f51b09ed.js?body=1" for 127.0.0.1 at 2015-08-11 17:51:39 -0700


Started GET "/assets/materialize/transitions.self-c527b205edfdd1f961487c4c7beaf83c335262accb4dff964341a86eb60fd2f2.js?body=1" for 127.0.0.1 at 2015-08-11 17:51:39 -0700


Started GET "/assets/materialize/scrollFire.self-f18a16d9bb0e0177e01b0326e41c601a6a85bb6a00dbca34593f88a6c89770d2.js?body=1" for 127.0.0.1 at 2015-08-11 17:51:39 -0700


Started GET "/assets/materialize/date_picker/picker.self-f7869dc9881d3874917e009ea6e30d68817b1bd1247665fb653e0f87393fb60f.js?body=1" for 127.0.0.1 at 2015-08-11 17:51:39 -0700


Started GET "/assets/materialize/date_picker/picker.date.self-5924b278beda2df8570f137f72b37e2d0f516acbc11a0994d1abb74380f078ef.js?body=1" for 127.0.0.1 at 2015-08-11 17:51:39 -0700


Started GET "/assets/materialize/character_counter.self-f3a78940ad5b851c1b7b79d86a5d5d9bdf0dc15e0e58e2a58b3eb57d845fbd37.js?body=1" for 127.0.0.1 at 2015-08-11 17:51:39 -0700


Started GET "/assets/materialize-sprockets.self-a66b8b29b6eb6d8d6ac137234cb5d8f49f9bb4507a678c7f3ff97659a36ae3b0.js?body=1" for 127.0.0.1 at 2015-08-11 17:51:39 -0700


Started GET "/assets/jquery_ujs.self-ca5248a2fad13d6bd58ea121318d642f195f0b2dd818b30615f785ff365e8d1f.js?body=1" for 127.0.0.1 at 2015-08-11 17:51:39 -0700


Started GET "/assets/turbolinks.self-c37727e9bd6b2735da5c311aa83fead54ed0be6cc8bd9a65309e9c5abe2cbfff.js?body=1" for 127.0.0.1 at 2015-08-11 17:51:39 -0700


Started GET "/assets/social-share-button.self-6082d8b31e4f65f78775da9c378e1bac8849e640f8c62277baa283398a9daf9e.js?body=1" for 127.0.0.1 at 2015-08-11 17:51:39 -0700


Started GET "/assets/feeds.self-877aef30ae1b040ab8a3aba4e3e309a11d7f2612f44dde450b5c157aa5f95c05.js?body=1" for 127.0.0.1 at 2015-08-11 17:51:39 -0700


Started GET "/assets/subscriptions.self-877aef30ae1b040ab8a3aba4e3e309a11d7f2612f44dde450b5c157aa5f95c05.js?body=1" for 127.0.0.1 at 2015-08-11 17:51:39 -0700


Started GET "/assets/application.self-80e6e45bd2c1f03ec88afdef86e38fe5b776e0f156466e72035fde9a3057e543.js?body=1" for 127.0.0.1 at 2015-08-11 17:51:39 -0700


Started GET "/assets/material-design-icons/Material-Design-Icons-4efd86423405eefbcbe28d543fc5db242d747b47f8b201f6d8bfdd091ff3bbdd.woff2" for 127.0.0.1 at 2015-08-11 17:51:39 -0700


Started GET "/assets/roboto/Roboto-Regular-b5c9c23bd12593523a46d79dd0aee80e3226bbde4c9ac05fc30a95e2c1510de0.woff2" for 127.0.0.1 at 2015-08-11 17:51:39 -0700


Started GET "/assets/roboto/Roboto-Light-94a0ac8d73bb60a9cbe27a4fa36669104f6ffa37c8ff2df29313a6c0d3b64a75.woff2" for 127.0.0.1 at 2015-08-11 17:51:39 -0700


Started GET "/feeds/search_input" for 127.0.0.1 at 2015-08-11 17:52:21 -0700
Processing by FeedsController#search_input as HTML
  [1m[36mUser Load (0.2ms)[0m  [1mSELECT  `users`.* FROM `users` WHERE `users`.`id` = 1  ORDER BY `users`.`id` ASC LIMIT 1[0m
  Rendered layouts/_side.html.erb (0.5ms)
  Rendered feeds/search_input.html.erb within layouts/application (1.6ms)
Completed 200 OK in 170ms (Views: 168.0ms | ActiveRecord: 0.2ms)


Started POST "/feeds/search" for 127.0.0.1 at 2015-08-11 17:52:29 -0700
Processing by FeedsController#search as HTML
  Parameters: {"utf8"=>"✓", "authenticity_token"=>"o9B9FqL3HhBJ4u8yd0U7Y5J2BR5348iNElF93wYDLp71Qt/NUR75/4TB9nGnRGVyRN61xAoyZ2tSEynOj3nL5Q==", "feed"=>{"source"=>"verge"}, "button"=>""}
  [1m[35mUser Load (0.2ms)[0m  SELECT  `users`.* FROM `users` WHERE `users`.`id` = 1  ORDER BY `users`.`id` ASC LIMIT 1
  [1m[36mFeed Load (0.2ms)[0m  [1mSELECT `feeds`.* FROM `feeds`[0m
  Rendered layouts/_side.html.erb (0.6ms)
  Rendered feeds/_search.html.erb (0.4ms)
  Rendered feeds/search.html.erb within layouts/application (2.3ms)
Completed 200 OK in 38499ms (Views: 168.0ms | ActiveRecord: 0.4ms)


Started DELETE "/users/sign_out" for 127.0.0.1 at 2015-08-11 17:53:08 -0700
Processing by Devise::SessionsController#destroy as HTML
  Parameters: {"authenticity_token"=>"+Fpy7BnjrXhEUB/LOF86i6zt/8IfJ7FxWcCD0JHSGoKuyNA36gpKl4lzBojoXmSaekVPGGL2HpcZgtfBGKj/+Q=="}
  [1m[35mUser Load (0.2ms)[0m  SELECT  `users`.* FROM `users` WHERE `users`.`id` = 1  ORDER BY `users`.`id` ASC LIMIT 1
  [1m[36m (0.1ms)[0m  [1mBEGIN[0m
  [1m[35mSQL (0.2ms)[0m  UPDATE `users` SET `remember_created_at` = NULL, `updated_at` = '2015-08-12 00:53:08' WHERE `users`.`id` = 1
  [1m[36m (0.3ms)[0m  [1mCOMMIT[0m
Redirected to http://localhost:3000/
Completed 302 Found in 8ms (ActiveRecord: 0.9ms)


Started GET "/" for 127.0.0.1 at 2015-08-11 17:53:08 -0700
Processing by HomeController#home as HTML
  Rendered home/home.html.erb within layouts/application (3.0ms)
Completed 200 OK in 114ms (Views: 113.4ms | ActiveRecord: 0.0ms)


Started GET "/users/sign_in" for 127.0.0.1 at 2015-08-11 17:53:34 -0700
Processing by Devise::SessionsController#new as HTML
  Rendered devise/sessions/new.html.erb within layouts/application (7.8ms)
Completed 200 OK in 186ms (Views: 182.8ms | ActiveRecord: 0.0ms)


Started POST "/users/sign_in" for 127.0.0.1 at 2015-08-11 17:53:47 -0700
Processing by Devise::SessionsController#create as HTML
  Parameters: {"utf8"=>"✓", "authenticity_token"=>"RR72Lx+rf4Bin3PtcloG2d+iJ8HmqGic26gw1XKo/A9bgasfW83YoPZ/RR1HuMqAsGhrg/Qk1TiMbckNFqkcEg==", "user"=>{"email"=>"kalryoma@gmail.com", "password"=>"[FILTERED]", "remember_me"=>"1"}, "button"=>""}
  [1m[35mUser Load (0.6ms)[0m  SELECT  `users`.* FROM `users` WHERE `users`.`email` = 'kalryoma@gmail.com'  ORDER BY `users`.`id` ASC LIMIT 1
  [1m[36m (0.1ms)[0m  [1mBEGIN[0m
  [1m[35mSQL (0.2ms)[0m  UPDATE `users` SET `remember_created_at` = '2015-08-12 00:53:47', `updated_at` = '2015-08-12 00:53:47' WHERE `users`.`id` = 1
  [1m[36m (0.3ms)[0m  [1mCOMMIT[0m
  [1m[35m (0.1ms)[0m  BEGIN
  [1m[36mSQL (0.1ms)[0m  [1mUPDATE `users` SET `last_sign_in_at` = '2015-08-11 02:40:47', `current_sign_in_at` = '2015-08-12 00:53:47', `sign_in_count` = 21, `updated_at` = '2015-08-12 00:53:47' WHERE `users`.`id` = 1[0m
  [1m[35m (0.2ms)[0m  COMMIT
Redirected to http://localhost:3000/subscriptions/list
Completed 302 Found in 77ms (ActiveRecord: 1.6ms)


Started GET "/subscriptions/list" for 127.0.0.1 at 2015-08-11 17:53:47 -0700
Processing by SubscriptionsController#list as HTML
  [1m[36mUser Load (0.2ms)[0m  [1mSELECT  `users`.* FROM `users` WHERE `users`.`id` = 1  ORDER BY `users`.`id` ASC LIMIT 1[0m
  [1m[35mSubscription Load (0.1ms)[0m  SELECT `subscriptions`.* FROM `subscriptions` WHERE (user_id=1)
  Rendered layouts/_side.html.erb (0.6ms)
  [1m[36mFeed Load (0.2ms)[0m  [1mSELECT `feeds`.* FROM `feeds` WHERE (id=4)[0m
  [1m[35mFeed Load (0.1ms)[0m  SELECT `feeds`.* FROM `feeds` WHERE (id=5)
  Rendered subscriptions/_list.html.erb (2.1ms)
  Rendered subscriptions/list.html.erb within layouts/application (3.9ms)
Completed 200 OK in 110ms (Views: 106.9ms | ActiveRecord: 0.7ms)


Started GET "/subscriptions/list" for 127.0.0.1 at 2015-08-11 17:55:04 -0700
Processing by SubscriptionsController#list as HTML
  [1m[36mUser Load (0.3ms)[0m  [1mSELECT  `users`.* FROM `users` WHERE `users`.`id` = 1  ORDER BY `users`.`id` ASC LIMIT 1[0m
  [1m[35mSubscription Load (0.1ms)[0m  SELECT `subscriptions`.* FROM `subscriptions` WHERE (user_id=1)
  Rendered layouts/_side.html.erb (0.5ms)
  [1m[36mFeed Load (0.2ms)[0m  [1mSELECT `feeds`.* FROM `feeds` WHERE (id=4)[0m
  [1m[35mFeed Load (0.1ms)[0m  SELECT `feeds`.* FROM `feeds` WHERE (id=5)
  Rendered subscriptions/_list.html.erb (1.5ms)
  Rendered subscriptions/list.html.erb within layouts/application (2.9ms)
Completed 200 OK in 183ms (Views: 179.6ms | ActiveRecord: 0.7ms)


Started GET "/assets/social-share-button.self-202aea3d1dcd29e13b5fd197059bf0a7f4bee040e1474dba5629a727a2d0fdf0.css?body=1" for 127.0.0.1 at 2015-08-11 17:55:05 -0700


Started GET "/assets/subscriptions.self-59155d83677389b3dce7148344dee6e41d20f54f21c216f1ee362ca3f8264f5e.css?body=1" for 127.0.0.1 at 2015-08-11 17:55:05 -0700


Started GET "/assets/feeds.self-e3b0c44298fc1c149afbf4c8996fb92427ae41e4649b934ca495991b7852b855.css?body=1" for 127.0.0.1 at 2015-08-11 17:55:05 -0700


Started GET "/assets/materialize/jquery.easing.1.3.self-0170bc905fbddc075a56bdccce1be6a58f3713a14137b607ba9bd9f96fd7835f.js?body=1" for 127.0.0.1 at 2015-08-11 17:55:05 -0700


Started GET "/assets/jquery.self-d03a5518f45df77341bdbe6201ba3bfa547ebba8ed64f0ea56bfa5f96ea7c074.js?body=1" for 127.0.0.1 at 2015-08-11 17:55:05 -0700


Started GET "/assets/application.self-63307df41e407facc98ebac57f94772f12a4b205993c61ddff012a6681e15a83.css?body=1" for 127.0.0.1 at 2015-08-11 17:55:05 -0700


Started GET "/assets/materialize/animation.self-a1028b0bcf2e26331bedf7b90e81103f0707e69fdec488aa951de94b51987767.js?body=1" for 127.0.0.1 at 2015-08-11 17:55:05 -0700


Started GET "/assets/materialize/velocity.min.self-b01240ce1811a86e98a242cf1710553d1db34655f36b1e4ed745a7dc125db0ca.js?body=1" for 127.0.0.1 at 2015-08-11 17:55:05 -0700


Started GET "/assets/materialize/hammer.min.self-bf8bdb0953b1a135f96716e362e1f7a8e64168c914fa77ca31973bb70e57a731.js?body=1" for 127.0.0.1 at 2015-08-11 17:55:05 -0700


Started GET "/assets/materialize/jquery.hammer.self-73fd69102f356b9abfc9ee242b19895f62454f42cfcfa1f066be71d2c8f41c7a.js?body=1" for 127.0.0.1 at 2015-08-11 17:55:05 -0700


Started GET "/assets/materialize/global.self-6278d27c18237cf0b6fcd96a6bf27f58369de2c4d26bcb45ac9c49a50c0ad80a.js?body=1" for 127.0.0.1 at 2015-08-11 17:55:05 -0700


Started GET "/assets/materialize/collapsible.self-bef6d527d6d38fc450d40f0e2733a1ccefc1817d34e041f69891c11b22642772.js?body=1" for 127.0.0.1 at 2015-08-11 17:55:05 -0700


Started GET "/assets/materialize/dropdown.self-fae0917ba1dc6dc6cc00c9df451fd18ac72957677fb76b6291418398aaa3440c.js?body=1" for 127.0.0.1 at 2015-08-11 17:55:05 -0700


Started GET "/assets/materialize/leanModal.self-4db1374f875e0a1a2ba3389d23cae8f6f0c2672e7e69aeab7645ed51d26e6915.js?body=1" for 127.0.0.1 at 2015-08-11 17:55:05 -0700


Started GET "/assets/materialize/materialbox.self-697b2e84aa96b92b704f270bccaf72f5b0839012265d47e20695d6c7e54041b1.js?body=1" for 127.0.0.1 at 2015-08-11 17:55:05 -0700


Started GET "/assets/materialize/parallax.self-7ac34f0f3dcef83deee116ea473a2770cec13e07c8e0dcce08cc2372bbe295d3.js?body=1" for 127.0.0.1 at 2015-08-11 17:55:05 -0700


Started GET "/assets/materialize/tabs.self-8b03a508bef52283d6f302037fd672ca9d379a1901d72baa59418484071b8cbf.js?body=1" for 127.0.0.1 at 2015-08-11 17:55:05 -0700


Started GET "/assets/materialize/tooltip.self-cd3548bc6934ec5af60f0e60c1146ebfeafac763b904e6f896119f1cd5c52a6e.js?body=1" for 127.0.0.1 at 2015-08-11 17:55:05 -0700


Started GET "/assets/materialize/waves.self-26e9b9cfaa9ccbc292ed510f654bd279d69695f5337a14c9800b36e92f96735b.js?body=1" for 127.0.0.1 at 2015-08-11 17:55:05 -0700


Started GET "/assets/materialize/toasts.self-e6883cac22ad22f88149b85c3e9efdee36fba56008586f550e6cb647386e0407.js?body=1" for 127.0.0.1 at 2015-08-11 17:55:05 -0700


Started GET "/assets/materialize/sideNav.self-edaf1f17663d1cdb6a2c7ea0888ffc6b25a8d279e45ec96a63524893d7f99bfe.js?body=1" for 127.0.0.1 at 2015-08-11 17:55:05 -0700


Started GET "/assets/materialize/scrollspy.self-9bd8d701ac90c813a0d051ab4943150bdb536d863646d8b349c42a88edb31cf8.js?body=1" for 127.0.0.1 at 2015-08-11 17:55:05 -0700


Started GET "/assets/materialize/forms.self-3bb4c6691a15a59ee12a1577c137f5849d58265b45a01f2bd76dbd9a963083d4.js?body=1" for 127.0.0.1 at 2015-08-11 17:55:05 -0700


Started GET "/assets/materialize/slider.self-b45587c52188bb778a060d2deee7c89f76474b48bc44559a0f8ca0b42a738b9b.js?body=1" for 127.0.0.1 at 2015-08-11 17:55:05 -0700


Started GET "/assets/materialize/cards.self-e21f14b1b3c6987af4297d4da8ff5de59296ff2e37e2d062ec0c6d2dff4c8001.js?body=1" for 127.0.0.1 at 2015-08-11 17:55:05 -0700


Started GET "/assets/materialize/pushpin.self-3e487290a48f23142c992c158b45cbd0be9c83de7c23abbb33b195954d1883cd.js?body=1" for 127.0.0.1 at 2015-08-11 17:55:05 -0700


Started GET "/assets/materialize/buttons.self-e24986f138b11adc95249c0795e0357b52be8177ce2e894d41818868f51b09ed.js?body=1" for 127.0.0.1 at 2015-08-11 17:55:05 -0700


Started GET "/assets/materialize/transitions.self-c527b205edfdd1f961487c4c7beaf83c335262accb4dff964341a86eb60fd2f2.js?body=1" for 127.0.0.1 at 2015-08-11 17:55:05 -0700


Started GET "/assets/materialize/scrollFire.self-f18a16d9bb0e0177e01b0326e41c601a6a85bb6a00dbca34593f88a6c89770d2.js?body=1" for 127.0.0.1 at 2015-08-11 17:55:05 -0700


Started GET "/assets/materialize/date_picker/picker.self-f7869dc9881d3874917e009ea6e30d68817b1bd1247665fb653e0f87393fb60f.js?body=1" for 127.0.0.1 at 2015-08-11 17:55:05 -0700


Started GET "/assets/materialize/date_picker/picker.date.self-5924b278beda2df8570f137f72b37e2d0f516acbc11a0994d1abb74380f078ef.js?body=1" for 127.0.0.1 at 2015-08-11 17:55:05 -0700


Started GET "/assets/materialize/character_counter.self-f3a78940ad5b851c1b7b79d86a5d5d9bdf0dc15e0e58e2a58b3eb57d845fbd37.js?body=1" for 127.0.0.1 at 2015-08-11 17:55:05 -0700


Started GET "/assets/materialize-sprockets.self-a66b8b29b6eb6d8d6ac137234cb5d8f49f9bb4507a678c7f3ff97659a36ae3b0.js?body=1" for 127.0.0.1 at 2015-08-11 17:55:05 -0700


Started GET "/assets/jquery_ujs.self-ca5248a2fad13d6bd58ea121318d642f195f0b2dd818b30615f785ff365e8d1f.js?body=1" for 127.0.0.1 at 2015-08-11 17:55:05 -0700


Started GET "/assets/turbolinks.self-c37727e9bd6b2735da5c311aa83fead54ed0be6cc8bd9a65309e9c5abe2cbfff.js?body=1" for 127.0.0.1 at 2015-08-11 17:55:05 -0700


Started GET "/assets/social-share-button.self-6082d8b31e4f65f78775da9c378e1bac8849e640f8c62277baa283398a9daf9e.js?body=1" for 127.0.0.1 at 2015-08-11 17:55:05 -0700


Started GET "/assets/feeds.self-877aef30ae1b040ab8a3aba4e3e309a11d7f2612f44dde450b5c157aa5f95c05.js?body=1" for 127.0.0.1 at 2015-08-11 17:55:05 -0700


Started GET "/assets/subscriptions.self-877aef30ae1b040ab8a3aba4e3e309a11d7f2612f44dde450b5c157aa5f95c05.js?body=1" for 127.0.0.1 at 2015-08-11 17:55:05 -0700


Started GET "/assets/application.self-80e6e45bd2c1f03ec88afdef86e38fe5b776e0f156466e72035fde9a3057e543.js?body=1" for 127.0.0.1 at 2015-08-11 17:55:05 -0700


Started GET "/assets/material-design-icons/Material-Design-Icons-4efd86423405eefbcbe28d543fc5db242d747b47f8b201f6d8bfdd091ff3bbdd.woff2" for 127.0.0.1 at 2015-08-11 17:55:05 -0700


Started GET "/assets/roboto/Roboto-Light-94a0ac8d73bb60a9cbe27a4fa36669104f6ffa37c8ff2df29313a6c0d3b64a75.woff2" for 127.0.0.1 at 2015-08-11 17:55:05 -0700


Started GET "/assets/roboto/Roboto-Regular-b5c9c23bd12593523a46d79dd0aee80e3226bbde4c9ac05fc30a95e2c1510de0.woff2" for 127.0.0.1 at 2015-08-11 17:55:05 -0700


Started GET "/subscriptions/ratelist" for 127.0.0.1 at 2015-08-11 17:58:59 -0700
Processing by SubscriptionsController#ratelist as HTML
  [1m[36mUser Load (0.2ms)[0m  [1mSELECT  `users`.* FROM `users` WHERE `users`.`id` = 1  ORDER BY `users`.`id` ASC LIMIT 1[0m
  [1m[35mFeed Load (0.2ms)[0m  SELECT  `feeds`.* FROM `feeds`  ORDER BY ReadNumber DESC LIMIT 10
  Rendered layouts/_side.html.erb (0.6ms)
  Rendered subscriptions/_ratelist.html.erb (2.9ms)
  Rendered subscriptions/ratelist.html.erb within layouts/application (4.7ms)
Completed 200 OK in 112ms (Views: 109.6ms | ActiveRecord: 0.4ms)


Started GET "/feeds/search_input" for 127.0.0.1 at 2015-08-11 17:59:04 -0700
Processing by FeedsController#search_input as HTML
  [1m[36mUser Load (0.2ms)[0m  [1mSELECT  `users`.* FROM `users` WHERE `users`.`id` = 1  ORDER BY `users`.`id` ASC LIMIT 1[0m
  Rendered layouts/_side.html.erb (0.5ms)
  Rendered feeds/search_input.html.erb within layouts/application (1.6ms)
Completed 200 OK in 174ms (Views: 172.0ms | ActiveRecord: 0.2ms)


Started GET "/subscriptions/ratelist" for 127.0.0.1 at 2015-08-11 17:59:10 -0700
Processing by SubscriptionsController#ratelist as HTML
  [1m[35mUser Load (0.2ms)[0m  SELECT  `users`.* FROM `users` WHERE `users`.`id` = 1  ORDER BY `users`.`id` ASC LIMIT 1
  [1m[36mFeed Load (0.2ms)[0m  [1mSELECT  `feeds`.* FROM `feeds`  ORDER BY ReadNumber DESC LIMIT 10[0m
  Rendered layouts/_side.html.erb (0.6ms)
  Rendered subscriptions/_ratelist.html.erb (2.3ms)
  Rendered subscriptions/ratelist.html.erb within layouts/application (3.8ms)
Completed 200 OK in 112ms (Views: 109.6ms | ActiveRecord: 0.4ms)


Started GET "/feeds/search_input" for 127.0.0.1 at 2015-08-11 17:59:13 -0700
Processing by FeedsController#search_input as HTML
  [1m[35mUser Load (0.2ms)[0m  SELECT  `users`.* FROM `users` WHERE `users`.`id` = 1  ORDER BY `users`.`id` ASC LIMIT 1
  Rendered layouts/_side.html.erb (0.5ms)
  Rendered feeds/search_input.html.erb within layouts/application (1.6ms)
Completed 200 OK in 195ms (Views: 193.5ms | ActiveRecord: 0.2ms)


Started GET "/subscriptions/ratelist" for 127.0.0.1 at 2015-08-11 17:59:15 -0700
Processing by SubscriptionsController#ratelist as HTML
  [1m[36mUser Load (0.2ms)[0m  [1mSELECT  `users`.* FROM `users` WHERE `users`.`id` = 1  ORDER BY `users`.`id` ASC LIMIT 1[0m
  [1m[35mFeed Load (0.2ms)[0m  SELECT  `feeds`.* FROM `feeds`  ORDER BY ReadNumber DESC LIMIT 10
  Rendered layouts/_side.html.erb (0.5ms)
  Rendered subscriptions/_ratelist.html.erb (2.3ms)
  Rendered subscriptions/ratelist.html.erb within layouts/application (3.8ms)
Completed 200 OK in 110ms (Views: 107.1ms | ActiveRecord: 0.4ms)


Started GET "/subscriptions/ratelist" for 127.0.0.1 at 2015-08-11 17:59:19 -0700
Processing by SubscriptionsController#ratelist as HTML
  [1m[36mUser Load (0.2ms)[0m  [1mSELECT  `users`.* FROM `users` WHERE `users`.`id` = 1  ORDER BY `users`.`id` ASC LIMIT 1[0m
  [1m[35mFeed Load (0.2ms)[0m  SELECT  `feeds`.* FROM `feeds`  ORDER BY ReadNumber DESC LIMIT 10
  Rendered layouts/_side.html.erb (0.5ms)
  Rendered subscriptions/_ratelist.html.erb (2.3ms)
  Rendered subscriptions/ratelist.html.erb within layouts/application (3.8ms)
Completed 200 OK in 183ms (Views: 180.6ms | ActiveRecord: 0.4ms)


Started GET "/feeds/search_input" for 127.0.0.1 at 2015-08-11 17:59:20 -0700
Processing by FeedsController#search_input as HTML
  [1m[36mUser Load (0.2ms)[0m  [1mSELECT  `users`.* FROM `users` WHERE `users`.`id` = 1  ORDER BY `users`.`id` ASC LIMIT 1[0m
  Rendered layouts/_side.html.erb (0.6ms)
  Rendered feeds/search_input.html.erb within layouts/application (1.9ms)
Completed 200 OK in 109ms (Views: 107.4ms | ActiveRecord: 0.2ms)


Started GET "/" for 127.0.0.1 at 2015-08-11 17:59:26 -0700
Processing by HomeController#home as HTML
  Rendered home/home.html.erb within layouts/application (3.5ms)
  [1m[35mUser Load (0.3ms)[0m  SELECT  `users`.* FROM `users` WHERE `users`.`id` = 1  ORDER BY `users`.`id` ASC LIMIT 1
Completed 200 OK in 203ms (Views: 201.7ms | ActiveRecord: 0.3ms)
